{"/home/travis/build/npmtest/node-npmtest-redwire/test.js":{"path":"/home/travis/build/npmtest/node-npmtest-redwire/test.js","s":{"1":2,"2":2,"3":2,"4":2,"5":2,"6":2,"7":2,"8":1,"9":2,"10":2,"11":1,"12":1,"13":1,"14":1,"15":2,"16":2,"17":2,"18":2,"19":1,"20":1,"21":2,"22":2,"23":2,"24":1,"25":1,"26":1,"27":1,"28":1,"29":1,"30":1,"31":1,"32":1,"33":1,"34":1,"35":1,"36":1,"37":1,"38":1,"39":2,"40":2,"41":1,"42":2,"43":2,"44":1,"45":2,"46":2,"47":1,"48":2,"49":2,"50":1,"51":1,"52":1,"53":1,"54":1},"b":{"1":[2,1,1,1],"2":[1,1,1,1],"3":[1,1],"4":[1,1],"5":[1,1],"6":[1,1],"7":[1,1],"8":[1,1],"9":[1,1],"10":[1,1,1],"11":[1,1],"12":[1,1],"13":[1,1],"14":[1,1],"15":[1,1],"16":[1,1],"17":[1,1]},"f":{"1":2,"2":2,"3":2,"4":2,"5":2,"6":1,"7":1,"8":1,"9":2,"10":2,"11":2,"12":2,"13":1},"fnMap":{"1":{"name":"(anonymous_1)","line":12,"loc":{"start":{"line":12,"column":1},"end":{"line":12,"column":13}}},"2":{"name":"(anonymous_2)","line":19,"loc":{"start":{"line":19,"column":5},"end":{"line":19,"column":17}}},"3":{"name":"(anonymous_3)","line":23,"loc":{"start":{"line":23,"column":24},"end":{"line":23,"column":36}}},"4":{"name":"(anonymous_4)","line":61,"loc":{"start":{"line":61,"column":5},"end":{"line":61,"column":17}}},"5":{"name":"(anonymous_5)","line":82,"loc":{"start":{"line":82,"column":5},"end":{"line":82,"column":17}}},"6":{"name":"(anonymous_6)","line":91,"loc":{"start":{"line":91,"column":77},"end":{"line":94,"column":10}}},"7":{"name":"(anonymous_7)","line":112,"loc":{"start":{"line":112,"column":83},"end":{"line":115,"column":10}},"skip":true},"8":{"name":"(anonymous_8)","line":123,"loc":{"start":{"line":123,"column":77},"end":{"line":126,"column":10}},"skip":true},"9":{"name":"(anonymous_9)","line":139,"loc":{"start":{"line":139,"column":12},"end":{"line":139,"column":40}},"skip":true},"10":{"name":"(anonymous_10)","line":147,"loc":{"start":{"line":147,"column":77},"end":{"line":150,"column":10}},"skip":true},"11":{"name":"(anonymous_11)","line":158,"loc":{"start":{"line":158,"column":83},"end":{"line":161,"column":10}},"skip":true},"12":{"name":"(anonymous_12)","line":169,"loc":{"start":{"line":169,"column":79},"end":{"line":172,"column":10}},"skip":true},"13":{"name":"(anonymous_13)","line":180,"loc":{"start":{"line":180,"column":75},"end":{"line":183,"column":10}},"skip":true}},"statementMap":{"1":{"start":{"line":12,"column":0},"end":{"line":195,"column":5}},"2":{"start":{"line":14,"column":4},"end":{"line":14,"column":14}},"3":{"start":{"line":19,"column":4},"end":{"line":56,"column":9}},"4":{"start":{"line":21,"column":8},"end":{"line":21,"column":19}},"5":{"start":{"line":23,"column":8},"end":{"line":35,"column":13}},"6":{"start":{"line":24,"column":12},"end":{"line":34,"column":13}},"7":{"start":{"line":25,"column":16},"end":{"line":28,"column":30}},"8":{"start":{"line":30,"column":16},"end":{"line":33,"column":27}},"9":{"start":{"line":37,"column":8},"end":{"line":39,"column":21}},"10":{"start":{"line":40,"column":8},"end":{"line":53,"column":9}},"11":{"start":{"line":43,"column":12},"end":{"line":46,"column":14}},"12":{"start":{"line":47,"column":12},"end":{"line":47,"column":18}},"13":{"start":{"line":50,"column":12},"end":{"line":51,"column":46}},"14":{"start":{"line":52,"column":12},"end":{"line":52,"column":18}},"15":{"start":{"line":55,"column":8},"end":{"line":55,"column":35}},"16":{"start":{"line":61,"column":4},"end":{"line":63,"column":9}},"17":{"start":{"line":62,"column":8},"end":{"line":62,"column":15}},"18":{"start":{"line":64,"column":4},"end":{"line":77,"column":5}},"19":{"start":{"line":70,"column":8},"end":{"line":70,"column":14}},"20":{"start":{"line":76,"column":8},"end":{"line":76,"column":14}},"21":{"start":{"line":82,"column":4},"end":{"line":84,"column":9}},"22":{"start":{"line":83,"column":8},"end":{"line":83,"column":15}},"23":{"start":{"line":85,"column":4},"end":{"line":194,"column":5}},"24":{"start":{"line":91,"column":8},"end":{"line":99,"column":10}},"25":{"start":{"line":98,"column":12},"end":{"line":98,"column":35}},"26":{"start":{"line":102,"column":8},"end":{"line":104,"column":63}},"27":{"start":{"line":105,"column":8},"end":{"line":105,"column":14}},"28":{"start":{"line":112,"column":8},"end":{"line":121,"column":10},"skip":true},"29":{"start":{"line":119,"column":12},"end":{"line":119,"column":55},"skip":true},"30":{"start":{"line":120,"column":12},"end":{"line":120,"column":48},"skip":true},"31":{"start":{"line":123,"column":8},"end":{"line":136,"column":10},"skip":true},"32":{"start":{"line":130,"column":12},"end":{"line":130,"column":76},"skip":true},"33":{"start":{"line":131,"column":12},"end":{"line":131,"column":73},"skip":true},"34":{"start":{"line":132,"column":12},"end":{"line":132,"column":74},"skip":true},"35":{"start":{"line":133,"column":12},"end":{"line":133,"column":79},"skip":true},"36":{"start":{"line":134,"column":12},"end":{"line":134,"column":25},"skip":true},"37":{"start":{"line":135,"column":12},"end":{"line":135,"column":45},"skip":true},"38":{"start":{"line":138,"column":8},"end":{"line":145,"column":14},"skip":true},"39":{"start":{"line":143,"column":16},"end":{"line":143,"column":29},"skip":true},"40":{"start":{"line":144,"column":16},"end":{"line":144,"column":55},"skip":true},"41":{"start":{"line":147,"column":8},"end":{"line":156,"column":10},"skip":true},"42":{"start":{"line":154,"column":12},"end":{"line":154,"column":25},"skip":true},"43":{"start":{"line":155,"column":12},"end":{"line":155,"column":45},"skip":true},"44":{"start":{"line":158,"column":8},"end":{"line":167,"column":10},"skip":true},"45":{"start":{"line":165,"column":12},"end":{"line":165,"column":25},"skip":true},"46":{"start":{"line":166,"column":12},"end":{"line":166,"column":48},"skip":true},"47":{"start":{"line":169,"column":8},"end":{"line":178,"column":10},"skip":true},"48":{"start":{"line":176,"column":12},"end":{"line":176,"column":25},"skip":true},"49":{"start":{"line":177,"column":12},"end":{"line":177,"column":46},"skip":true},"50":{"start":{"line":180,"column":8},"end":{"line":189,"column":10},"skip":true},"51":{"start":{"line":187,"column":12},"end":{"line":187,"column":94},"skip":true},"52":{"start":{"line":188,"column":12},"end":{"line":188,"column":48},"skip":true},"53":{"start":{"line":192,"column":8},"end":{"line":192,"column":35},"skip":true},"54":{"start":{"line":193,"column":8},"end":{"line":193,"column":14},"skip":true}},"branchMap":{"1":{"line":25,"type":"binary-expr","locations":[{"start":{"line":25,"column":23},"end":{"line":25,"column":62}},{"start":{"line":26,"column":20},"end":{"line":26,"column":70}},{"start":{"line":27,"column":20},"end":{"line":27,"column":71}},{"start":{"line":28,"column":20},"end":{"line":28,"column":29}}]},"2":{"line":30,"type":"binary-expr","locations":[{"start":{"line":30,"column":23},"end":{"line":30,"column":37}},{"start":{"line":31,"column":20},"end":{"line":31,"column":61}},{"start":{"line":32,"column":20},"end":{"line":32,"column":70}},{"start":{"line":33,"column":20},"end":{"line":33,"column":26}}]},"3":{"line":37,"type":"cond-expr","locations":[{"start":{"line":38,"column":14},"end":{"line":38,"column":20}},{"start":{"line":39,"column":14},"end":{"line":39,"column":20}}]},"4":{"line":40,"type":"switch","locations":[{"start":{"line":42,"column":8},"end":{"line":47,"column":18}},{"start":{"line":49,"column":8},"end":{"line":52,"column":18}}]},"5":{"line":44,"type":"binary-expr","locations":[{"start":{"line":44,"column":16},"end":{"line":44,"column":44}},{"start":{"line":44,"column":48},"end":{"line":44,"column":66}}]},"6":{"line":50,"type":"binary-expr","locations":[{"start":{"line":50,"column":21},"end":{"line":50,"column":49}},{"start":{"line":50,"column":53},"end":{"line":50,"column":72}}]},"7":{"line":64,"type":"switch","locations":[{"start":{"line":69,"column":4},"end":{"line":70,"column":14}},{"start":{"line":75,"column":4},"end":{"line":76,"column":14}}]},"8":{"line":85,"type":"switch","locations":[{"start":{"line":90,"column":4},"end":{"line":105,"column":14}},{"start":{"line":111,"column":4},"end":{"line":193,"column":14},"skip":true}]},"9":{"line":91,"type":"binary-expr","locations":[{"start":{"line":91,"column":42},"end":{"line":91,"column":73}},{"start":{"line":91,"column":77},"end":{"line":99,"column":9}}]},"10":{"line":102,"type":"binary-expr","locations":[{"start":{"line":102,"column":18},"end":{"line":102,"column":32}},{"start":{"line":103,"column":12},"end":{"line":103,"column":53}},{"start":{"line":104,"column":12},"end":{"line":104,"column":61}}]},"11":{"line":112,"type":"binary-expr","locations":[{"start":{"line":112,"column":45},"end":{"line":112,"column":79},"skip":true},{"start":{"line":112,"column":83},"end":{"line":121,"column":9},"skip":true}]},"12":{"line":123,"type":"binary-expr","locations":[{"start":{"line":123,"column":42},"end":{"line":123,"column":73},"skip":true},{"start":{"line":123,"column":77},"end":{"line":136,"column":9},"skip":true}]},"13":{"line":138,"type":"binary-expr","locations":[{"start":{"line":138,"column":48},"end":{"line":138,"column":85},"skip":true},{"start":{"line":139,"column":12},"end":{"line":145,"column":13},"skip":true}]},"14":{"line":147,"type":"binary-expr","locations":[{"start":{"line":147,"column":42},"end":{"line":147,"column":73},"skip":true},{"start":{"line":147,"column":77},"end":{"line":156,"column":9},"skip":true}]},"15":{"line":158,"type":"binary-expr","locations":[{"start":{"line":158,"column":45},"end":{"line":158,"column":79},"skip":true},{"start":{"line":158,"column":83},"end":{"line":167,"column":9},"skip":true}]},"16":{"line":169,"type":"binary-expr","locations":[{"start":{"line":169,"column":43},"end":{"line":169,"column":75},"skip":true},{"start":{"line":169,"column":79},"end":{"line":178,"column":9},"skip":true}]},"17":{"line":180,"type":"binary-expr","locations":[{"start":{"line":180,"column":41},"end":{"line":180,"column":71},"skip":true},{"start":{"line":180,"column":75},"end":{"line":189,"column":9},"skip":true}]}},"code":["/* istanbul instrument in package npmtest_redwire */","/*jslint","    bitwise: true,","    browser: true,","    maxerr: 8,","    maxlen: 96,","    node: true,","    nomen: true,","    regexp: true,","    stupid: true","*/","(function () {","    'use strict';","    var local;","","","","    // run shared js-env code - pre-init","    (function () {","        // init local","        local = {};","        // init modeJs","        local.modeJs = (function () {","            try {","                return typeof navigator.userAgent === 'string' &&","                    typeof document.querySelector('body') === 'object' &&","                    typeof XMLHttpRequest.prototype.open === 'function' &&","                    'browser';","            } catch (errorCaughtBrowser) {","                return module.exports &&","                    typeof process.versions.node === 'string' &&","                    typeof require('http').createServer === 'function' &&","                    'node';","            }","        }());","        // init global","        local.global = local.modeJs === 'browser'","            ? window","            : global;","        switch (local.modeJs) {","        // re-init local from window.local","        case 'browser':","            local = local.global.utility2.objectSetDefault(","                local.global.utility2_rollup || local.global.local,","                local.global.utility2","            );","            break;","        // re-init local from example.js","        case 'node':","            local = (local.global.utility2_rollup || require('utility2'))","                .requireExampleJsFromReadme();","            break;","        }","        // export local","        local.global.local = local;","    }());","","","","    // run shared js-env code - function","    (function () {","        return;","    }());","    switch (local.modeJs) {","","","","    // run browser js-env code - function","    case 'browser':","        break;","","","","    // run node js-env code - function","    case 'node':","        break;","    }","","","","    // run shared js-env code - post-init","    (function () {","        return;","    }());","    switch (local.modeJs) {","","","","    // run browser js-env code - post-init","    case 'browser':","        local.testCase_browser_nullCase = local.testCase_browser_nullCase || function (","            options,","            onError","        ) {","        /*","         * this function will test browsers's null-case handling-behavior-behavior","         */","            onError(null, options);","        };","","        // run tests","        local.nop(local.modeTest &&","            document.querySelector('#testRunButton1') &&","            document.querySelector('#testRunButton1').click());","        break;","","","","    // run node js-env code - post-init","    /* istanbul ignore next */","    case 'node':","        local.testCase_buildApidoc_default = local.testCase_buildApidoc_default || function (","            options,","            onError","        ) {","        /*","         * this function will test buildApidoc's default handling-behavior-behavior","         */","            options = { modulePathList: module.paths };","            local.buildApidoc(options, onError);","        };","","        local.testCase_buildApp_default = local.testCase_buildApp_default || function (","            options,","            onError","        ) {","        /*","         * this function will test buildApp's default handling-behavior-behavior","         */","            local.testCase_buildReadme_default(options, local.onErrorThrow);","            local.testCase_buildLib_default(options, local.onErrorThrow);","            local.testCase_buildTest_default(options, local.onErrorThrow);","            local.testCase_buildCustomOrg_default(options, local.onErrorThrow);","            options = [];","            local.buildApp(options, onError);","        };","","        local.testCase_buildCustomOrg_default = local.testCase_buildCustomOrg_default ||","            function (options, onError) {","            /*","             * this function will test buildCustomOrg's default handling-behavior","             */","                options = {};","                local.buildCustomOrg(options, onError);","            };","","        local.testCase_buildLib_default = local.testCase_buildLib_default || function (","            options,","            onError","        ) {","        /*","         * this function will test buildLib's default handling-behavior","         */","            options = {};","            local.buildLib(options, onError);","        };","","        local.testCase_buildReadme_default = local.testCase_buildReadme_default || function (","            options,","            onError","        ) {","        /*","         * this function will test buildReadme's default handling-behavior-behavior","         */","            options = {};","            local.buildReadme(options, onError);","        };","","        local.testCase_buildTest_default = local.testCase_buildTest_default || function (","            options,","            onError","        ) {","        /*","         * this function will test buildTest's default handling-behavior","         */","            options = {};","            local.buildTest(options, onError);","        };","","        local.testCase_webpage_default = local.testCase_webpage_default || function (","            options,","            onError","        ) {","        /*","         * this function will test webpage's default handling-behavior","         */","            options = { modeCoverageMerge: true, url: local.serverLocalHost + '?modeTest=1' };","            local.browserTest(options, onError);","        };","","        // run test-server","        local.testRunServer(local);","        break;","    }","}());",""],"l":{"12":2,"14":2,"19":2,"21":2,"23":2,"24":2,"25":2,"30":1,"37":2,"40":2,"43":1,"47":1,"50":1,"52":1,"55":2,"61":2,"62":2,"64":2,"70":1,"76":1,"82":2,"83":2,"85":2,"91":1,"98":1,"102":1,"105":1,"112":1,"119":1,"120":1,"123":1,"130":1,"131":1,"132":1,"133":1,"134":1,"135":1,"138":1,"143":2,"144":2,"147":1,"154":2,"155":2,"158":1,"165":2,"166":2,"169":1,"176":2,"177":2,"180":1,"187":1,"188":1,"192":1,"193":1}},"/home/travis/build/npmtest/node-npmtest-redwire/lib.npmtest_redwire.js":{"path":"/home/travis/build/npmtest/node-npmtest-redwire/lib.npmtest_redwire.js","s":{"1":2,"2":2,"3":2,"4":2,"5":2,"6":2,"7":2,"8":1,"9":2,"10":2,"11":2,"12":2,"13":1,"14":1,"15":1,"16":1},"b":{"1":[2,1,1,1],"2":[1,1,1,1],"3":[1,1],"4":[2,2],"5":[1,1]},"f":{"1":2,"2":2,"3":2},"fnMap":{"1":{"name":"(anonymous_1)","line":12,"loc":{"start":{"line":12,"column":1},"end":{"line":12,"column":13}}},"2":{"name":"(anonymous_2)","line":19,"loc":{"start":{"line":19,"column":5},"end":{"line":19,"column":17}}},"3":{"name":"(anonymous_3)","line":23,"loc":{"start":{"line":23,"column":24},"end":{"line":23,"column":36}}}},"statementMap":{"1":{"start":{"line":12,"column":0},"end":{"line":53,"column":5}},"2":{"start":{"line":14,"column":4},"end":{"line":14,"column":14}},"3":{"start":{"line":19,"column":4},"end":{"line":52,"column":9}},"4":{"start":{"line":21,"column":8},"end":{"line":21,"column":19}},"5":{"start":{"line":23,"column":8},"end":{"line":35,"column":13}},"6":{"start":{"line":24,"column":12},"end":{"line":34,"column":13}},"7":{"start":{"line":25,"column":16},"end":{"line":28,"column":30}},"8":{"start":{"line":30,"column":16},"end":{"line":33,"column":27}},"9":{"start":{"line":37,"column":8},"end":{"line":39,"column":21}},"10":{"start":{"line":41,"column":8},"end":{"line":41,"column":54}},"11":{"start":{"line":43,"column":8},"end":{"line":43,"column":52}},"12":{"start":{"line":45,"column":8},"end":{"line":51,"column":9}},"13":{"start":{"line":46,"column":12},"end":{"line":46,"column":58}},"14":{"start":{"line":48,"column":12},"end":{"line":48,"column":35}},"15":{"start":{"line":49,"column":12},"end":{"line":49,"column":49}},"16":{"start":{"line":50,"column":12},"end":{"line":50,"column":43}}},"branchMap":{"1":{"line":25,"type":"binary-expr","locations":[{"start":{"line":25,"column":23},"end":{"line":25,"column":62}},{"start":{"line":26,"column":20},"end":{"line":26,"column":70}},{"start":{"line":27,"column":20},"end":{"line":27,"column":71}},{"start":{"line":28,"column":20},"end":{"line":28,"column":29}}]},"2":{"line":30,"type":"binary-expr","locations":[{"start":{"line":30,"column":23},"end":{"line":30,"column":37}},{"start":{"line":31,"column":20},"end":{"line":31,"column":61}},{"start":{"line":32,"column":20},"end":{"line":32,"column":70}},{"start":{"line":33,"column":20},"end":{"line":33,"column":26}}]},"3":{"line":37,"type":"cond-expr","locations":[{"start":{"line":38,"column":14},"end":{"line":38,"column":20}},{"start":{"line":39,"column":14},"end":{"line":39,"column":20}}]},"4":{"line":41,"type":"binary-expr","locations":[{"start":{"line":41,"column":16},"end":{"line":41,"column":44}},{"start":{"line":41,"column":48},"end":{"line":41,"column":53}}]},"5":{"line":45,"type":"if","locations":[{"start":{"line":45,"column":8},"end":{"line":45,"column":8}},{"start":{"line":45,"column":8},"end":{"line":45,"column":8}}]}},"code":["/* istanbul instrument in package npmtest_redwire */","/*jslint","    bitwise: true,","    browser: true,","    maxerr: 8,","    maxlen: 96,","    node: true,","    nomen: true,","    regexp: true,","    stupid: true","*/","(function () {","    'use strict';","    var local;","","","","    // run shared js-env code - pre-init","    (function () {","        // init local","        local = {};","        // init modeJs","        local.modeJs = (function () {","            try {","                return typeof navigator.userAgent === 'string' &&","                    typeof document.querySelector('body') === 'object' &&","                    typeof XMLHttpRequest.prototype.open === 'function' &&","                    'browser';","            } catch (errorCaughtBrowser) {","                return module.exports &&","                    typeof process.versions.node === 'string' &&","                    typeof require('http').createServer === 'function' &&","                    'node';","            }","        }());","        // init global","        local.global = local.modeJs === 'browser'","            ? window","            : global;","        // init utility2_rollup","        local = local.global.utility2_rollup || local;","        // init lib","        local.local = local.npmtest_redwire = local;","        // init exports","        if (local.modeJs === 'browser') {","            local.global.utility2_npmtest_redwire = local;","        } else {","            module.exports = local;","            module.exports.__dirname = __dirname;","            module.exports.module = module;","        }","    }());","}());",""],"l":{"12":2,"14":2,"19":2,"21":2,"23":2,"24":2,"25":2,"30":1,"37":2,"41":2,"43":2,"45":2,"46":1,"48":1,"49":1,"50":1}},"/home/travis/build/npmtest/node-npmtest-redwire/example.js":{"path":"/home/travis/build/npmtest/node-npmtest-redwire/example.js","s":{"1":2,"2":2,"3":2,"4":2,"5":2,"6":2,"7":2,"8":1,"9":2,"10":2,"11":2,"12":2,"13":1,"14":2,"15":2,"16":2,"17":2,"18":2,"19":0,"20":2,"21":1,"22":1,"23":1,"24":1,"25":1,"26":0,"27":0,"28":1,"29":1,"30":2,"31":0,"32":0,"33":0,"34":1,"35":2,"36":2,"37":3,"38":3,"39":3,"40":3,"41":0,"42":3,"43":3,"44":3,"45":1,"46":3,"47":1,"48":1,"49":1,"50":1,"51":1,"52":1,"53":1,"54":1,"55":1,"56":1,"57":0,"58":1,"59":6,"60":6,"61":1,"62":2,"63":0,"64":2,"65":1,"66":1,"67":0,"68":0,"69":0,"70":0,"71":0,"72":0,"73":0,"74":0,"75":0,"76":0,"77":0,"78":0,"79":0,"80":0,"81":0,"82":0,"83":0},"b":{"1":[2,1,1,1],"2":[1,1,1,1],"3":[1,1],"4":[2,2],"5":[1,1],"6":[1,1],"7":[2,0],"8":[2,1,1,1,1,1],"9":[0,2,0],"10":[1,1],"11":[2,1,1],"12":[1,0],"13":[0,2],"14":[2,0,0,0,0,0,0],"15":[0,3],"16":[3,0],"17":[1,1],"18":[0,1],"19":[1,2,0,2],"20":[1,0],"21":[1,1],"22":[0,0],"23":[0,0],"24":[0,0],"25":[0,0],"26":[0,0],"27":[0,0],"28":[0,0]},"f":{"1":2,"2":2,"3":2,"4":2,"5":2,"6":2,"7":3,"8":3,"9":3,"10":1,"11":6,"12":0},"fnMap":{"1":{"name":"(anonymous_1)","line":26,"loc":{"start":{"line":26,"column":1},"end":{"line":26,"column":13}}},"2":{"name":"(anonymous_2)","line":33,"loc":{"start":{"line":33,"column":5},"end":{"line":33,"column":17}}},"3":{"name":"(anonymous_3)","line":37,"loc":{"start":{"line":37,"column":24},"end":{"line":37,"column":36}}},"4":{"name":"(anonymous_4)","line":69,"loc":{"start":{"line":69,"column":31},"end":{"line":69,"column":48}},"skip":true},"5":{"name":"(anonymous_5)","line":78,"loc":{"start":{"line":78,"column":26},"end":{"line":78,"column":45}},"skip":true},"6":{"name":"(anonymous_6)","line":123,"loc":{"start":{"line":123,"column":33},"end":{"line":123,"column":48}},"skip":true},"7":{"name":"(anonymous_7)","line":125,"loc":{"start":{"line":125,"column":27},"end":{"line":125,"column":39}},"skip":true},"8":{"name":"(anonymous_8)","line":133,"loc":{"start":{"line":133,"column":59},"end":{"line":133,"column":74}},"skip":true},"9":{"name":"(anonymous_9)","line":143,"loc":{"start":{"line":143,"column":45},"end":{"line":143,"column":62}},"skip":true},"10":{"name":"(anonymous_10)","line":144,"loc":{"start":{"line":144,"column":73},"end":{"line":144,"column":92}},"skip":true},"11":{"name":"(anonymous_11)","line":272,"loc":{"start":{"line":272,"column":51},"end":{"line":272,"column":77}},"skip":true},"12":{"name":"(anonymous_12)","line":315,"loc":{"start":{"line":315,"column":32},"end":{"line":315,"column":61}},"skip":true}},"statementMap":{"1":{"start":{"line":26,"column":0},"end":{"line":326,"column":5}},"2":{"start":{"line":28,"column":4},"end":{"line":28,"column":14}},"3":{"start":{"line":33,"column":4},"end":{"line":60,"column":9}},"4":{"start":{"line":35,"column":8},"end":{"line":35,"column":19}},"5":{"start":{"line":37,"column":8},"end":{"line":49,"column":13}},"6":{"start":{"line":38,"column":12},"end":{"line":48,"column":13}},"7":{"start":{"line":39,"column":16},"end":{"line":42,"column":30}},"8":{"start":{"line":44,"column":16},"end":{"line":47,"column":27}},"9":{"start":{"line":51,"column":8},"end":{"line":53,"column":21}},"10":{"start":{"line":55,"column":8},"end":{"line":57,"column":45}},"11":{"start":{"line":59,"column":8},"end":{"line":59,"column":35}},"12":{"start":{"line":61,"column":4},"end":{"line":325,"column":5}},"13":{"start":{"line":69,"column":8},"end":{"line":121,"column":10},"skip":true},"14":{"start":{"line":70,"column":12},"end":{"line":88,"column":13},"skip":true},"15":{"start":{"line":76,"column":16},"end":{"line":87,"column":19},"skip":true},"16":{"start":{"line":79,"column":20},"end":{"line":86,"column":21},"skip":true},"17":{"start":{"line":82,"column":24},"end":{"line":82,"column":43},"skip":true},"18":{"start":{"line":83,"column":24},"end":{"line":83,"column":30},"skip":true},"19":{"start":{"line":85,"column":24},"end":{"line":85,"column":49},"skip":true},"20":{"start":{"line":89,"column":12},"end":{"line":107,"column":13},"skip":true},"21":{"start":{"line":92,"column":16},"end":{"line":102,"column":17},"skip":true},"22":{"start":{"line":93,"column":20},"end":{"line":93,"column":86},"skip":true},"23":{"start":{"line":94,"column":20},"end":{"line":95,"column":45},"skip":true},"24":{"start":{"line":96,"column":20},"end":{"line":96,"column":42},"skip":true},"25":{"start":{"line":97,"column":20},"end":{"line":97,"column":48},"skip":true},"26":{"start":{"line":100,"column":20},"end":{"line":100,"column":85},"skip":true},"27":{"start":{"line":101,"column":20},"end":{"line":101,"column":96},"skip":true},"28":{"start":{"line":103,"column":16},"end":{"line":103,"column":22},"skip":true},"29":{"start":{"line":106,"column":16},"end":{"line":106,"column":22},"skip":true},"30":{"start":{"line":108,"column":12},"end":{"line":120,"column":13},"skip":true},"31":{"start":{"line":114,"column":16},"end":{"line":119,"column":17},"skip":true},"32":{"start":{"line":116,"column":20},"end":{"line":116,"column":78},"skip":true},"33":{"start":{"line":118,"column":20},"end":{"line":118,"column":47},"skip":true},"34":{"start":{"line":123,"column":8},"end":{"line":141,"column":11},"skip":true},"35":{"start":{"line":124,"column":12},"end":{"line":124,"column":54},"skip":true},"36":{"start":{"line":125,"column":12},"end":{"line":140,"column":14},"skip":true},"37":{"start":{"line":126,"column":16},"end":{"line":126,"column":28},"skip":true},"38":{"start":{"line":127,"column":16},"end":{"line":127,"column":69},"skip":true},"39":{"start":{"line":128,"column":16},"end":{"line":128,"column":75},"skip":true},"40":{"start":{"line":129,"column":16},"end":{"line":131,"column":17},"skip":true},"41":{"start":{"line":130,"column":20},"end":{"line":130,"column":27},"skip":true},"42":{"start":{"line":133,"column":16},"end":{"line":137,"column":36},"skip":true},"43":{"start":{"line":134,"column":20},"end":{"line":136,"column":55},"skip":true},"44":{"start":{"line":139,"column":16},"end":{"line":139,"column":57},"skip":true},"45":{"start":{"line":143,"column":8},"end":{"line":147,"column":11},"skip":true},"46":{"start":{"line":144,"column":12},"end":{"line":146,"column":15},"skip":true},"47":{"start":{"line":145,"column":16},"end":{"line":145,"column":70},"skip":true},"48":{"start":{"line":149,"column":8},"end":{"line":149,"column":31},"skip":true},"49":{"start":{"line":150,"column":8},"end":{"line":150,"column":14},"skip":true},"50":{"start":{"line":158,"column":8},"end":{"line":158,"column":31},"skip":true},"51":{"start":{"line":160,"column":8},"end":{"line":160,"column":33},"skip":true},"52":{"start":{"line":161,"column":8},"end":{"line":161,"column":37},"skip":true},"53":{"start":{"line":162,"column":8},"end":{"line":162,"column":35},"skip":true},"54":{"start":{"line":164,"column":8},"end":{"line":164,"column":50},"skip":true},"55":{"start":{"line":166,"column":8},"end":{"line":256,"column":2},"skip":true},"56":{"start":{"line":258,"column":8},"end":{"line":286,"column":9},"skip":true},"57":{"start":{"line":259,"column":12},"end":{"line":269,"column":14},"skip":true},"58":{"start":{"line":271,"column":12},"end":{"line":285,"column":19},"skip":true},"59":{"start":{"line":274,"column":20},"end":{"line":274,"column":35},"skip":true},"60":{"start":{"line":275,"column":20},"end":{"line":284,"column":21},"skip":true},"61":{"start":{"line":277,"column":24},"end":{"line":277,"column":64},"skip":true},"62":{"start":{"line":279,"column":24},"end":{"line":279,"column":40},"skip":true},"63":{"start":{"line":281,"column":24},"end":{"line":281,"column":40},"skip":true},"64":{"start":{"line":283,"column":24},"end":{"line":283,"column":39},"skip":true},"65":{"start":{"line":288,"column":8},"end":{"line":290,"column":9},"skip":true},"66":{"start":{"line":289,"column":12},"end":{"line":289,"column":18},"skip":true},"67":{"start":{"line":291,"column":8},"end":{"line":293,"column":54},"skip":true},"68":{"start":{"line":296,"column":8},"end":{"line":301,"column":37},"skip":true},"69":{"start":{"line":303,"column":8},"end":{"line":303,"column":82},"skip":true},"70":{"start":{"line":306,"column":8},"end":{"line":308,"column":9},"skip":true},"71":{"start":{"line":307,"column":12},"end":{"line":307,"column":82},"skip":true},"72":{"start":{"line":310,"column":8},"end":{"line":312,"column":9},"skip":true},"73":{"start":{"line":311,"column":12},"end":{"line":311,"column":18},"skip":true},"74":{"start":{"line":313,"column":8},"end":{"line":313,"column":54},"skip":true},"75":{"start":{"line":314,"column":8},"end":{"line":314,"column":69},"skip":true},"76":{"start":{"line":315,"column":8},"end":{"line":323,"column":36},"skip":true},"77":{"start":{"line":316,"column":12},"end":{"line":316,"column":61},"skip":true},"78":{"start":{"line":317,"column":12},"end":{"line":320,"column":13},"skip":true},"79":{"start":{"line":318,"column":16},"end":{"line":318,"column":75},"skip":true},"80":{"start":{"line":319,"column":16},"end":{"line":319,"column":23},"skip":true},"81":{"start":{"line":321,"column":12},"end":{"line":321,"column":38},"skip":true},"82":{"start":{"line":322,"column":12},"end":{"line":322,"column":27},"skip":true},"83":{"start":{"line":324,"column":8},"end":{"line":324,"column":14},"skip":true}},"branchMap":{"1":{"line":39,"type":"binary-expr","locations":[{"start":{"line":39,"column":23},"end":{"line":39,"column":62}},{"start":{"line":40,"column":20},"end":{"line":40,"column":70}},{"start":{"line":41,"column":20},"end":{"line":41,"column":71}},{"start":{"line":42,"column":20},"end":{"line":42,"column":29}}]},"2":{"line":44,"type":"binary-expr","locations":[{"start":{"line":44,"column":23},"end":{"line":44,"column":37}},{"start":{"line":45,"column":20},"end":{"line":45,"column":61}},{"start":{"line":46,"column":20},"end":{"line":46,"column":70}},{"start":{"line":47,"column":20},"end":{"line":47,"column":26}}]},"3":{"line":51,"type":"cond-expr","locations":[{"start":{"line":52,"column":14},"end":{"line":52,"column":20}},{"start":{"line":53,"column":14},"end":{"line":53,"column":20}}]},"4":{"line":55,"type":"binary-expr","locations":[{"start":{"line":55,"column":16},"end":{"line":55,"column":44}},{"start":{"line":55,"column":49},"end":{"line":57,"column":43}}]},"5":{"line":55,"type":"cond-expr","locations":[{"start":{"line":56,"column":14},"end":{"line":56,"column":51}},{"start":{"line":57,"column":14},"end":{"line":57,"column":43}}]},"6":{"line":61,"type":"switch","locations":[{"start":{"line":68,"column":4},"end":{"line":150,"column":14},"skip":true},{"start":{"line":156,"column":4},"end":{"line":324,"column":14},"skip":true}]},"7":{"line":70,"type":"if","locations":[{"start":{"line":70,"column":12},"end":{"line":70,"column":12},"skip":true},{"start":{"line":70,"column":12},"end":{"line":70,"column":12},"skip":true}]},"8":{"line":70,"type":"binary-expr","locations":[{"start":{"line":70,"column":16},"end":{"line":70,"column":22},"skip":true},{"start":{"line":70,"column":27},"end":{"line":70,"column":32},"skip":true},{"start":{"line":71,"column":20},"end":{"line":71,"column":39},"skip":true},{"start":{"line":72,"column":20},"end":{"line":72,"column":49},"skip":true},{"start":{"line":73,"column":20},"end":{"line":73,"column":58},"skip":true},{"start":{"line":74,"column":20},"end":{"line":74,"column":69},"skip":true}]},"9":{"line":79,"type":"switch","locations":[{"start":{"line":80,"column":20},"end":{"line":80,"column":33},"skip":true},{"start":{"line":81,"column":20},"end":{"line":83,"column":30},"skip":true},{"start":{"line":84,"column":20},"end":{"line":85,"column":49},"skip":true}]},"10":{"line":89,"type":"switch","locations":[{"start":{"line":90,"column":12},"end":{"line":103,"column":22},"skip":true},{"start":{"line":105,"column":12},"end":{"line":106,"column":22},"skip":true}]},"11":{"line":89,"type":"binary-expr","locations":[{"start":{"line":89,"column":20},"end":{"line":89,"column":25},"skip":true},{"start":{"line":89,"column":29},"end":{"line":89,"column":48},"skip":true},{"start":{"line":89,"column":52},"end":{"line":89,"column":74},"skip":true}]},"12":{"line":92,"type":"if","locations":[{"start":{"line":92,"column":16},"end":{"line":92,"column":16},"skip":true},{"start":{"line":92,"column":16},"end":{"line":92,"column":16},"skip":true}]},"13":{"line":108,"type":"if","locations":[{"start":{"line":108,"column":12},"end":{"line":108,"column":12},"skip":true},{"start":{"line":108,"column":12},"end":{"line":108,"column":12},"skip":true}]},"14":{"line":108,"type":"binary-expr","locations":[{"start":{"line":108,"column":16},"end":{"line":108,"column":61},"skip":true},{"start":{"line":108,"column":66},"end":{"line":108,"column":72},"skip":true},{"start":{"line":108,"column":77},"end":{"line":108,"column":82},"skip":true},{"start":{"line":109,"column":20},"end":{"line":109,"column":39},"skip":true},{"start":{"line":110,"column":20},"end":{"line":110,"column":49},"skip":true},{"start":{"line":111,"column":20},"end":{"line":111,"column":58},"skip":true},{"start":{"line":112,"column":20},"end":{"line":112,"column":68},"skip":true}]},"15":{"line":129,"type":"if","locations":[{"start":{"line":129,"column":16},"end":{"line":129,"column":16},"skip":true},{"start":{"line":129,"column":16},"end":{"line":129,"column":16},"skip":true}]},"16":{"line":134,"type":"cond-expr","locations":[{"start":{"line":135,"column":26},"end":{"line":135,"column":29},"skip":true},{"start":{"line":136,"column":26},"end":{"line":136,"column":54},"skip":true}]},"17":{"line":164,"type":"binary-expr","locations":[{"start":{"line":164,"column":27},"end":{"line":164,"column":43},"skip":true},{"start":{"line":164,"column":47},"end":{"line":164,"column":49},"skip":true}]},"18":{"line":258,"type":"if","locations":[{"start":{"line":258,"column":8},"end":{"line":258,"column":8},"skip":true},{"start":{"line":258,"column":8},"end":{"line":258,"column":8},"skip":true}]},"19":{"line":275,"type":"switch","locations":[{"start":{"line":276,"column":20},"end":{"line":277,"column":64},"skip":true},{"start":{"line":278,"column":20},"end":{"line":279,"column":40},"skip":true},{"start":{"line":280,"column":20},"end":{"line":281,"column":40},"skip":true},{"start":{"line":282,"column":20},"end":{"line":283,"column":39},"skip":true}]},"20":{"line":288,"type":"if","locations":[{"start":{"line":288,"column":8},"end":{"line":288,"column":8},"skip":true},{"start":{"line":288,"column":8},"end":{"line":288,"column":8},"skip":true}]},"21":{"line":288,"type":"binary-expr","locations":[{"start":{"line":288,"column":12},"end":{"line":288,"column":40},"skip":true},{"start":{"line":288,"column":44},"end":{"line":288,"column":67},"skip":true}]},"22":{"line":292,"type":"binary-expr","locations":[{"start":{"line":292,"column":12},"end":{"line":292,"column":50},"skip":true},{"start":{"line":293,"column":12},"end":{"line":293,"column":53},"skip":true}]},"23":{"line":297,"type":"binary-expr","locations":[{"start":{"line":297,"column":12},"end":{"line":297,"column":65},"skip":true},{"start":{"line":298,"column":12},"end":{"line":301,"column":36},"skip":true}]},"24":{"line":303,"type":"binary-expr","locations":[{"start":{"line":303,"column":43},"end":{"line":303,"column":75},"skip":true},{"start":{"line":303,"column":79},"end":{"line":303,"column":81},"skip":true}]},"25":{"line":306,"type":"if","locations":[{"start":{"line":306,"column":8},"end":{"line":306,"column":8},"skip":true},{"start":{"line":306,"column":8},"end":{"line":306,"column":8},"skip":true}]},"26":{"line":310,"type":"if","locations":[{"start":{"line":310,"column":8},"end":{"line":310,"column":8},"skip":true},{"start":{"line":310,"column":8},"end":{"line":310,"column":8},"skip":true}]},"27":{"line":313,"type":"binary-expr","locations":[{"start":{"line":313,"column":27},"end":{"line":313,"column":43},"skip":true},{"start":{"line":313,"column":47},"end":{"line":313,"column":53},"skip":true}]},"28":{"line":317,"type":"if","locations":[{"start":{"line":317,"column":12},"end":{"line":317,"column":12},"skip":true},{"start":{"line":317,"column":12},"end":{"line":317,"column":12},"skip":true}]}},"code":["/*","example.js","","quickstart example","","instruction","    1. save this script as example.js","    2. run the shell command:","        $ npm install npmtest-redwire && PORT=8081 node example.js","    3. play with the browser-demo on http://127.0.0.1:8081","*/","","","","/* istanbul instrument in package npmtest_redwire */","/*jslint","    bitwise: true,","    browser: true,","    maxerr: 8,","    maxlen: 96,","    node: true,","    nomen: true,","    regexp: true,","    stupid: true","*/","(function () {","    'use strict';","    var local;","","","","    // run shared js-env code - pre-init","    (function () {","        // init local","        local = {};","        // init modeJs","        local.modeJs = (function () {","            try {","                return typeof navigator.userAgent === 'string' &&","                    typeof document.querySelector('body') === 'object' &&","                    typeof XMLHttpRequest.prototype.open === 'function' &&","                    'browser';","            } catch (errorCaughtBrowser) {","                return module.exports &&","                    typeof process.versions.node === 'string' &&","                    typeof require('http').createServer === 'function' &&","                    'node';","            }","        }());","        // init global","        local.global = local.modeJs === 'browser'","            ? window","            : global;","        // init utility2_rollup","        local = local.global.utility2_rollup || (local.modeJs === 'browser'","            ? local.global.utility2_npmtest_redwire","            : global.utility2_moduleExports);","        // export local","        local.global.local = local;","    }());","    switch (local.modeJs) {","","","","    // post-init","    // run browser js-env code - post-init","    /* istanbul ignore next */","    case 'browser':","        local.testRunBrowser = function (event) {","            if (!event || (event &&","                    event.currentTarget &&","                    event.currentTarget.className &&","                    event.currentTarget.className.includes &&","                    event.currentTarget.className.includes('onreset'))) {","                // reset output","                Array.from(","                    document.querySelectorAll('body > .resettable')","                ).forEach(function (element) {","                    switch (element.tagName) {","                    case 'INPUT':","                    case 'TEXTAREA':","                        element.value = '';","                        break;","                    default:","                        element.textContent = '';","                    }","                });","            }","            switch (event && event.currentTarget && event.currentTarget.id) {","            case 'testRunButton1':","                // show tests","                if (document.querySelector('#testReportDiv1').style.display === 'none') {","                    document.querySelector('#testReportDiv1').style.display = 'block';","                    document.querySelector('#testRunButton1').textContent =","                        'hide internal test';","                    local.modeTest = true;","                    local.testRunDefault(local);","                // hide tests","                } else {","                    document.querySelector('#testReportDiv1').style.display = 'none';","                    document.querySelector('#testRunButton1').textContent = 'run internal test';","                }","                break;","            // custom-case","            default:","                break;","            }","            if (document.querySelector('#inputTextareaEval1') && (!event || (event &&","                    event.currentTarget &&","                    event.currentTarget.className &&","                    event.currentTarget.className.includes &&","                    event.currentTarget.className.includes('oneval')))) {","                // try to eval input-code","                try {","                    /*jslint evil: true*/","                    eval(document.querySelector('#inputTextareaEval1').value);","                } catch (errorCaught) {","                    console.error(errorCaught);","                }","            }","        };","        // log stderr and stdout to #outputTextareaStdout1","        ['error', 'log'].forEach(function (key) {","            console[key + '_original'] = console[key];","            console[key] = function () {","                var element;","                console[key + '_original'].apply(console, arguments);","                element = document.querySelector('#outputTextareaStdout1');","                if (!element) {","                    return;","                }","                // append text to #outputTextareaStdout1","                element.value += Array.from(arguments).map(function (arg) {","                    return typeof arg === 'string'","                        ? arg","                        : JSON.stringify(arg, null, 4);","                }).join(' ') + '\\n';","                // scroll textarea to bottom","                element.scrollTop = element.scrollHeight;","            };","        });","        // init event-handling","        ['change', 'click', 'keyup'].forEach(function (event) {","            Array.from(document.querySelectorAll('.on' + event)).forEach(function (element) {","                element.addEventListener(event, local.testRunBrowser);","            });","        });","        // run tests","        local.testRunBrowser();","        break;","","","","    // run node js-env code - post-init","    /* istanbul ignore next */","    case 'node':","        // export local","        module.exports = local;","        // require modules","        local.fs = require('fs');","        local.http = require('http');","        local.url = require('url');","        // init assets","        local.assetsDict = local.assetsDict || {};","        /* jslint-ignore-begin */","        local.assetsDict['/assets.index.template.html'] = '\\","<!doctype html>\\n\\","<html lang=\"en\">\\n\\","<head>\\n\\","<meta charset=\"UTF-8\">\\n\\","<meta name=\"viewport\" content=\"width=device-width, initial-scale=1\">\\n\\","<title>{{env.npm_package_name}} (v{{env.npm_package_version}})</title>\\n\\","<style>\\n\\","/*csslint\\n\\","    box-sizing: false,\\n\\","    universal-selector: false\\n\\","*/\\n\\","* {\\n\\","    box-sizing: border-box;\\n\\","}\\n\\","body {\\n\\","    background: #dde;\\n\\","    font-family: Arial, Helvetica, sans-serif;\\n\\","    margin: 2rem;\\n\\","}\\n\\","body > * {\\n\\","    margin-bottom: 1rem;\\n\\","}\\n\\",".utility2FooterDiv {\\n\\","    margin-top: 20px;\\n\\","    text-align: center;\\n\\","}\\n\\","</style>\\n\\","<style>\\n\\","/*csslint\\n\\","*/\\n\\","textarea {\\n\\","    font-family: monospace;\\n\\","    height: 10rem;\\n\\","    width: 100%;\\n\\","}\\n\\","textarea[readonly] {\\n\\","    background: #ddd;\\n\\","}\\n\\","</style>\\n\\","</head>\\n\\","<body>\\n\\","<!-- utility2-comment\\n\\","<div id=\"ajaxProgressDiv1\" style=\"background: #d00; height: 2px; left: 0; margin: 0; padding: 0; position: fixed; top: 0; transition: background 0.5s, width 1.5s; width: 25%;\"></div>\\n\\","utility2-comment -->\\n\\","<h1>\\n\\","<!-- utility2-comment\\n\\","    <a\\n\\","        {{#if env.npm_package_homepage}}\\n\\","        href=\"{{env.npm_package_homepage}}\"\\n\\","        {{/if env.npm_package_homepage}}\\n\\","        target=\"_blank\"\\n\\","    >\\n\\","utility2-comment -->\\n\\","        {{env.npm_package_name}} (v{{env.npm_package_version}})\\n\\","<!-- utility2-comment\\n\\","    </a>\\n\\","utility2-comment -->\\n\\","</h1>\\n\\","<h3>{{env.npm_package_description}}</h3>\\n\\","<!-- utility2-comment\\n\\","<h4><a download href=\"assets.app.js\">download standalone app</a></h4>\\n\\","<button class=\"onclick onreset\" id=\"testRunButton1\">run internal test</button><br>\\n\\","<div id=\"testReportDiv1\" style=\"display: none;\"></div>\\n\\","utility2-comment -->\\n\\","\\n\\","\\n\\","\\n\\","<label>stderr and stdout</label>\\n\\","<textarea class=\"resettable\" id=\"outputTextareaStdout1\" readonly></textarea>\\n\\","<!-- utility2-comment\\n\\","{{#if isRollup}}\\n\\","<script src=\"assets.app.js\"></script>\\n\\","{{#unless isRollup}}\\n\\","utility2-comment -->\\n\\","<script src=\"assets.utility2.rollup.js\"></script>\\n\\","<script src=\"jsonp.utility2._stateInit?callback=window.utility2._stateInit\"></script>\\n\\","<script src=\"assets.npmtest_redwire.rollup.js\"></script>\\n\\","<script src=\"assets.example.js\"></script>\\n\\","<script src=\"assets.test.js\"></script>\\n\\","<!-- utility2-comment\\n\\","{{/if isRollup}}\\n\\","utility2-comment -->\\n\\","<div class=\"utility2FooterDiv\">\\n\\","    [ this app was created with\\n\\","    <a href=\"https://github.com/kaizhu256/node-utility2\" target=\"_blank\">utility2</a>\\n\\","    ]\\n\\","</div>\\n\\","</body>\\n\\","</html>\\n\\","';","        /* jslint-ignore-end */","        if (local.templateRender) {","            local.assetsDict['/'] = local.templateRender(","                local.assetsDict['/assets.index.template.html'],","                {","                    env: local.objectSetDefault(local.env, {","                        npm_package_description: 'the greatest app in the world!',","                        npm_package_name: 'my-app',","                        npm_package_nameAlias: 'my_app',","                        npm_package_version: '0.0.1'","                    })","                }","            );","        } else {","            local.assetsDict['/'] = local.assetsDict['/assets.index.template.html']","                .replace((/\\{\\{env\\.(\\w+?)\\}\\}/g), function (match0, match1) {","                    // jslint-hack","                    String(match0);","                    switch (match1) {","                    case 'npm_package_description':","                        return 'the greatest app in the world!';","                    case 'npm_package_name':","                        return 'my-app';","                    case 'npm_package_nameAlias':","                        return 'my_app';","                    case 'npm_package_version':","                        return '0.0.1';","                    }","                });","        }","        // run the cli","        if (local.global.utility2_rollup || module !== require.main) {","            break;","        }","        local.assetsDict['/assets.example.js'] =","            local.assetsDict['/assets.example.js'] ||","            local.fs.readFileSync(__filename, 'utf8');","        // bug-workaround - long $npm_package_buildCustomOrg","        /* jslint-ignore-begin */","        local.assetsDict['/assets.npmtest_redwire.rollup.js'] =","            local.assetsDict['/assets.npmtest_redwire.rollup.js'] ||","            local.fs.readFileSync(","                local.npmtest_redwire.__dirname + '/lib.npmtest_redwire.js',","                'utf8'","            ).replace((/^#!/), '//');","        /* jslint-ignore-end */","        local.assetsDict['/favicon.ico'] = local.assetsDict['/favicon.ico'] || '';","        // if $npm_config_timeout_exit exists,","        // then exit this process after $npm_config_timeout_exit ms","        if (Number(process.env.npm_config_timeout_exit)) {","            setTimeout(process.exit, Number(process.env.npm_config_timeout_exit));","        }","        // start server","        if (local.global.utility2_serverHttp1) {","            break;","        }","        process.env.PORT = process.env.PORT || '8081';","        console.error('server starting on port ' + process.env.PORT);","        local.http.createServer(function (request, response) {","            request.urlParsed = local.url.parse(request.url);","            if (local.assetsDict[request.urlParsed.pathname] !== undefined) {","                response.end(local.assetsDict[request.urlParsed.pathname]);","                return;","            }","            response.statusCode = 404;","            response.end();","        }).listen(process.env.PORT);","        break;","    }","}());",""],"l":{"26":2,"28":2,"33":2,"35":2,"37":2,"38":2,"39":2,"44":1,"51":2,"55":2,"59":2,"61":2,"69":1,"70":2,"76":2,"79":2,"82":2,"83":2,"85":1,"89":2,"92":1,"93":1,"94":1,"96":1,"97":1,"100":1,"101":1,"103":1,"106":1,"108":2,"114":1,"116":1,"118":1,"123":1,"124":2,"125":2,"126":3,"127":3,"128":3,"129":3,"130":1,"133":3,"134":3,"139":3,"143":1,"144":3,"145":1,"149":1,"150":1,"158":1,"160":1,"161":1,"162":1,"164":1,"166":1,"258":1,"259":1,"271":1,"274":6,"275":6,"277":1,"279":2,"281":1,"283":2,"288":1,"289":1,"291":1,"296":1,"303":1,"306":1,"307":1,"310":1,"311":1,"313":1,"314":1,"315":1,"316":1,"317":1,"318":1,"319":1,"321":1,"322":1,"324":1}},"/home/travis/build/npmtest/node-npmtest-redwire/node_modules/redwire/index.js":{"path":"/home/travis/build/npmtest/node-npmtest-redwire/node_modules/redwire/index.js","s":{"1":1},"b":{},"f":{},"fnMap":{},"statementMap":{"1":{"start":{"line":2,"column":0},"end":{"line":2,"column":42}}},"branchMap":{},"code":["// Generated by CoffeeScript 1.8.0","module.exports = require('./src/redwire');",""],"l":{"2":1}},"/home/travis/build/npmtest/node-npmtest-redwire/node_modules/redwire/src/redwire.js":{"path":"/home/travis/build/npmtest/node-npmtest-redwire/node_modules/redwire/src/redwire.js","s":{"1":1,"2":0,"3":0,"4":1,"5":1,"6":1,"7":1,"8":0,"9":0,"10":0,"11":0,"12":0,"13":0,"14":0,"15":0,"16":0,"17":0,"18":1,"19":1,"20":0,"21":0,"22":0,"23":0,"24":0,"25":0,"26":0,"27":0,"28":0,"29":0,"30":0,"31":0,"32":0,"33":0,"34":0,"35":0,"36":0,"37":0,"38":0,"39":0,"40":0,"41":0,"42":0,"43":0,"44":0,"45":0,"46":0,"47":0,"48":0,"49":0,"50":0,"51":0,"52":0,"53":0,"54":0,"55":0,"56":0,"57":0,"58":0,"59":0,"60":0,"61":0,"62":0,"63":0,"64":0,"65":0,"66":0,"67":0,"68":0,"69":0,"70":0,"71":0,"72":1,"73":0,"74":0,"75":0,"76":1,"77":0,"78":0,"79":0,"80":1,"81":0,"82":0,"83":0,"84":1,"85":0,"86":0,"87":0,"88":1,"89":0,"90":0,"91":0,"92":1,"93":0,"94":0,"95":0,"96":1,"97":0,"98":0,"99":0,"100":1,"101":0,"102":0,"103":0,"104":1,"105":0,"106":0,"107":0,"108":1,"109":0,"110":0,"111":0,"112":1,"113":0,"114":0,"115":0,"116":1,"117":0,"118":0,"119":0,"120":1,"121":0,"122":0,"123":0,"124":1,"125":0,"126":0,"127":0,"128":1,"129":0,"130":0,"131":0,"132":1,"133":0,"134":0,"135":0,"136":1,"137":0,"138":0,"139":0,"140":1,"141":0,"142":0,"143":0,"144":1,"145":0,"146":0,"147":0,"148":1,"149":0,"150":0,"151":0,"152":1,"153":0,"154":0,"155":0,"156":1,"157":0,"158":0,"159":0,"160":1,"161":0,"162":0,"163":0,"164":1,"165":0,"166":0,"167":0,"168":1,"169":0,"170":0,"171":0,"172":1,"173":0,"174":0,"175":0,"176":1,"177":0,"178":1,"179":0,"180":1,"181":0,"182":1,"183":0,"184":1,"185":0,"186":1,"187":0,"188":1,"189":0,"190":1,"191":0,"192":1,"193":0,"194":1,"195":0,"196":1,"197":0,"198":1,"199":0,"200":0,"201":0,"202":0,"203":0,"204":0,"205":0,"206":0,"207":0,"208":1},"b":{"1":[0,0],"2":[0,0],"3":[0,0],"4":[0,0],"5":[0,0],"6":[0,0,0],"7":[0,0],"8":[0,0],"9":[0,0],"10":[0,0],"11":[0,0],"12":[0,0],"13":[0,0],"14":[0,0],"15":[0,0],"16":[0,0],"17":[0,0],"18":[0,0],"19":[0,0],"20":[0,0],"21":[0,0],"22":[0,0],"23":[0,0],"24":[0,0],"25":[0,0],"26":[0,0],"27":[0,0],"28":[0,0],"29":[0,0],"30":[0,0],"31":[0,0],"32":[0,0],"33":[0,0],"34":[0,0],"35":[0,0],"36":[0,0],"37":[0,0]},"f":{"1":0,"2":0,"3":0,"4":1,"5":0,"6":0,"7":0,"8":0,"9":0,"10":0,"11":0,"12":0,"13":0,"14":0,"15":0,"16":0,"17":0,"18":0,"19":0,"20":0,"21":0,"22":0,"23":0,"24":0,"25":0,"26":0,"27":0,"28":0,"29":0,"30":0,"31":0,"32":0,"33":0,"34":0,"35":0,"36":0,"37":0,"38":0,"39":0,"40":0,"41":0,"42":0,"43":0,"44":0,"45":0,"46":0,"47":0,"48":0,"49":0,"50":0},"fnMap":{"1":{"name":"(anonymous_1)","line":3,"loc":{"start":{"line":3,"column":9},"end":{"line":3,"column":25}}},"2":{"name":"(anonymous_2)","line":3,"loc":{"start":{"line":3,"column":34},"end":{"line":3,"column":44}}},"3":{"name":"(anonymous_3)","line":12,"loc":{"start":{"line":12,"column":7},"end":{"line":12,"column":32}}},"4":{"name":"(anonymous_4)","line":29,"loc":{"start":{"line":29,"column":28},"end":{"line":29,"column":39}}},"5":{"name":"RedWire","line":30,"loc":{"start":{"line":30,"column":2},"end":{"line":30,"column":28}}},"6":{"name":"(anonymous_6)","line":80,"loc":{"start":{"line":80,"column":15},"end":{"line":80,"column":26}}},"7":{"name":"(anonymous_7)","line":81,"loc":{"start":{"line":81,"column":16},"end":{"line":81,"column":27}}},"8":{"name":"(anonymous_8)","line":82,"loc":{"start":{"line":82,"column":15},"end":{"line":82,"column":29}}},"9":{"name":"(anonymous_9)","line":94,"loc":{"start":{"line":94,"column":52},"end":{"line":94,"column":68}}},"10":{"name":"(anonymous_10)","line":95,"loc":{"start":{"line":95,"column":15},"end":{"line":95,"column":26}}},"11":{"name":"(anonymous_11)","line":101,"loc":{"start":{"line":101,"column":52},"end":{"line":101,"column":68}}},"12":{"name":"(anonymous_12)","line":102,"loc":{"start":{"line":102,"column":15},"end":{"line":102,"column":26}}},"13":{"name":"(anonymous_13)","line":109,"loc":{"start":{"line":109,"column":30},"end":{"line":109,"column":41}}},"14":{"name":"(anonymous_14)","line":115,"loc":{"start":{"line":115,"column":34},"end":{"line":115,"column":45}}},"15":{"name":"(anonymous_15)","line":121,"loc":{"start":{"line":121,"column":35},"end":{"line":121,"column":46}}},"16":{"name":"(anonymous_16)","line":127,"loc":{"start":{"line":127,"column":27},"end":{"line":127,"column":38}}},"17":{"name":"(anonymous_17)","line":133,"loc":{"start":{"line":133,"column":31},"end":{"line":133,"column":42}}},"18":{"name":"(anonymous_18)","line":139,"loc":{"start":{"line":139,"column":31},"end":{"line":139,"column":42}}},"19":{"name":"(anonymous_19)","line":145,"loc":{"start":{"line":145,"column":34},"end":{"line":145,"column":45}}},"20":{"name":"(anonymous_20)","line":151,"loc":{"start":{"line":151,"column":34},"end":{"line":151,"column":45}}},"21":{"name":"(anonymous_21)","line":157,"loc":{"start":{"line":157,"column":42},"end":{"line":157,"column":53}}},"22":{"name":"(anonymous_22)","line":163,"loc":{"start":{"line":163,"column":42},"end":{"line":163,"column":53}}},"23":{"name":"(anonymous_23)","line":169,"loc":{"start":{"line":169,"column":28},"end":{"line":169,"column":39}}},"24":{"name":"(anonymous_24)","line":175,"loc":{"start":{"line":175,"column":30},"end":{"line":175,"column":41}}},"25":{"name":"(anonymous_25)","line":181,"loc":{"start":{"line":181,"column":31},"end":{"line":181,"column":42}}},"26":{"name":"(anonymous_26)","line":187,"loc":{"start":{"line":187,"column":31},"end":{"line":187,"column":42}}},"27":{"name":"(anonymous_27)","line":193,"loc":{"start":{"line":193,"column":27},"end":{"line":193,"column":38}}},"28":{"name":"(anonymous_28)","line":199,"loc":{"start":{"line":199,"column":28},"end":{"line":199,"column":39}}},"29":{"name":"(anonymous_29)","line":205,"loc":{"start":{"line":205,"column":28},"end":{"line":205,"column":39}}},"30":{"name":"(anonymous_30)","line":211,"loc":{"start":{"line":211,"column":29},"end":{"line":211,"column":40}}},"31":{"name":"(anonymous_31)","line":217,"loc":{"start":{"line":217,"column":30},"end":{"line":217,"column":41}}},"32":{"name":"(anonymous_32)","line":223,"loc":{"start":{"line":223,"column":26},"end":{"line":223,"column":37}}},"33":{"name":"(anonymous_33)","line":229,"loc":{"start":{"line":229,"column":26},"end":{"line":229,"column":37}}},"34":{"name":"(anonymous_34)","line":235,"loc":{"start":{"line":235,"column":33},"end":{"line":235,"column":44}}},"35":{"name":"(anonymous_35)","line":241,"loc":{"start":{"line":241,"column":34},"end":{"line":241,"column":45}}},"36":{"name":"(anonymous_36)","line":247,"loc":{"start":{"line":247,"column":34},"end":{"line":247,"column":45}}},"37":{"name":"(anonymous_37)","line":253,"loc":{"start":{"line":253,"column":35},"end":{"line":253,"column":46}}},"38":{"name":"(anonymous_38)","line":259,"loc":{"start":{"line":259,"column":36},"end":{"line":259,"column":47}}},"39":{"name":"(anonymous_39)","line":265,"loc":{"start":{"line":265,"column":32},"end":{"line":265,"column":43}}},"40":{"name":"(anonymous_40)","line":269,"loc":{"start":{"line":269,"column":33},"end":{"line":269,"column":44}}},"41":{"name":"(anonymous_41)","line":273,"loc":{"start":{"line":273,"column":33},"end":{"line":273,"column":44}}},"42":{"name":"(anonymous_42)","line":277,"loc":{"start":{"line":277,"column":34},"end":{"line":277,"column":45}}},"43":{"name":"(anonymous_43)","line":281,"loc":{"start":{"line":281,"column":35},"end":{"line":281,"column":46}}},"44":{"name":"(anonymous_44)","line":285,"loc":{"start":{"line":285,"column":31},"end":{"line":285,"column":42}}},"45":{"name":"(anonymous_45)","line":289,"loc":{"start":{"line":289,"column":31},"end":{"line":289,"column":42}}},"46":{"name":"(anonymous_46)","line":293,"loc":{"start":{"line":293,"column":28},"end":{"line":293,"column":39}}},"47":{"name":"(anonymous_47)","line":297,"loc":{"start":{"line":297,"column":40},"end":{"line":297,"column":51}}},"48":{"name":"(anonymous_48)","line":301,"loc":{"start":{"line":301,"column":34},"end":{"line":301,"column":53}}},"49":{"name":"(anonymous_49)","line":305,"loc":{"start":{"line":305,"column":34},"end":{"line":305,"column":45}}},"50":{"name":"(anonymous_50)","line":309,"loc":{"start":{"line":309,"column":28},"end":{"line":309,"column":41}}}},"statementMap":{"1":{"start":{"line":2,"column":0},"end":{"line":4,"column":19}},"2":{"start":{"line":3,"column":27},"end":{"line":3,"column":80}},"3":{"start":{"line":3,"column":46},"end":{"line":3,"column":77}},"4":{"start":{"line":6,"column":0},"end":{"line":6,"column":33}},"5":{"start":{"line":8,"column":0},"end":{"line":8,"column":34}},"6":{"start":{"line":10,"column":0},"end":{"line":10,"column":34}},"7":{"start":{"line":12,"column":0},"end":{"line":27,"column":2}},"8":{"start":{"line":13,"column":2},"end":{"line":13,"column":26}},"9":{"start":{"line":14,"column":2},"end":{"line":14,"column":15}},"10":{"start":{"line":15,"column":2},"end":{"line":25,"column":3}},"11":{"start":{"line":16,"column":4},"end":{"line":16,"column":24}},"12":{"start":{"line":17,"column":4},"end":{"line":24,"column":5}},"13":{"start":{"line":18,"column":6},"end":{"line":20,"column":7}},"14":{"start":{"line":19,"column":8},"end":{"line":19,"column":25}},"15":{"start":{"line":21,"column":6},"end":{"line":21,"column":45}},"16":{"start":{"line":23,"column":6},"end":{"line":23,"column":40}},"17":{"start":{"line":26,"column":2},"end":{"line":26,"column":17}},"18":{"start":{"line":29,"column":0},"end":{"line":328,"column":5}},"19":{"start":{"line":30,"column":2},"end":{"line":107,"column":3}},"20":{"start":{"line":31,"column":4},"end":{"line":31,"column":40}},"21":{"start":{"line":32,"column":4},"end":{"line":32,"column":52}},"22":{"start":{"line":33,"column":4},"end":{"line":33,"column":52}},"23":{"start":{"line":34,"column":4},"end":{"line":34,"column":64}},"24":{"start":{"line":35,"column":4},"end":{"line":35,"column":40}},"25":{"start":{"line":36,"column":4},"end":{"line":36,"column":46}},"26":{"start":{"line":37,"column":4},"end":{"line":37,"column":46}},"27":{"start":{"line":38,"column":4},"end":{"line":38,"column":54}},"28":{"start":{"line":39,"column":4},"end":{"line":39,"column":52}},"29":{"start":{"line":40,"column":4},"end":{"line":40,"column":50}},"30":{"start":{"line":41,"column":4},"end":{"line":41,"column":50}},"31":{"start":{"line":42,"column":4},"end":{"line":42,"column":48}},"32":{"start":{"line":43,"column":4},"end":{"line":43,"column":56}},"33":{"start":{"line":44,"column":4},"end":{"line":44,"column":54}},"34":{"start":{"line":45,"column":4},"end":{"line":45,"column":52}},"35":{"start":{"line":46,"column":4},"end":{"line":46,"column":52}},"36":{"start":{"line":47,"column":4},"end":{"line":47,"column":50}},"37":{"start":{"line":48,"column":4},"end":{"line":48,"column":36}},"38":{"start":{"line":49,"column":4},"end":{"line":49,"column":36}},"39":{"start":{"line":50,"column":4},"end":{"line":50,"column":44}},"40":{"start":{"line":51,"column":4},"end":{"line":51,"column":42}},"41":{"start":{"line":52,"column":4},"end":{"line":52,"column":40}},"42":{"start":{"line":53,"column":4},"end":{"line":53,"column":40}},"43":{"start":{"line":54,"column":4},"end":{"line":54,"column":38}},"44":{"start":{"line":55,"column":4},"end":{"line":55,"column":46}},"45":{"start":{"line":56,"column":4},"end":{"line":56,"column":46}},"46":{"start":{"line":57,"column":4},"end":{"line":57,"column":44}},"47":{"start":{"line":58,"column":4},"end":{"line":58,"column":40}},"48":{"start":{"line":59,"column":4},"end":{"line":59,"column":68}},"49":{"start":{"line":60,"column":4},"end":{"line":60,"column":68}},"50":{"start":{"line":61,"column":4},"end":{"line":61,"column":52}},"51":{"start":{"line":62,"column":4},"end":{"line":62,"column":52}},"52":{"start":{"line":63,"column":4},"end":{"line":63,"column":46}},"53":{"start":{"line":64,"column":4},"end":{"line":64,"column":46}},"54":{"start":{"line":65,"column":4},"end":{"line":65,"column":38}},"55":{"start":{"line":66,"column":4},"end":{"line":66,"column":54}},"56":{"start":{"line":67,"column":4},"end":{"line":67,"column":52}},"57":{"start":{"line":68,"column":4},"end":{"line":68,"column":44}},"58":{"start":{"line":69,"column":4},"end":{"line":90,"column":6}},"59":{"start":{"line":83,"column":10},"end":{"line":87,"column":11}},"60":{"start":{"line":84,"column":12},"end":{"line":84,"column":44}},"61":{"start":{"line":86,"column":12},"end":{"line":86,"column":38}},"62":{"start":{"line":91,"column":4},"end":{"line":91,"column":33}},"63":{"start":{"line":92,"column":4},"end":{"line":92,"column":46}},"64":{"start":{"line":93,"column":4},"end":{"line":99,"column":5}},"65":{"start":{"line":94,"column":6},"end":{"line":98,"column":16}},"66":{"start":{"line":95,"column":8},"end":{"line":97,"column":10}},"67":{"start":{"line":96,"column":10},"end":{"line":96,"column":33}},"68":{"start":{"line":100,"column":4},"end":{"line":106,"column":5}},"69":{"start":{"line":101,"column":6},"end":{"line":105,"column":16}},"70":{"start":{"line":102,"column":8},"end":{"line":104,"column":10}},"71":{"start":{"line":103,"column":10},"end":{"line":103,"column":33}},"72":{"start":{"line":109,"column":2},"end":{"line":113,"column":4}},"73":{"start":{"line":110,"column":4},"end":{"line":110,"column":18}},"74":{"start":{"line":111,"column":4},"end":{"line":111,"column":65}},"75":{"start":{"line":112,"column":4},"end":{"line":112,"column":59}},"76":{"start":{"line":115,"column":2},"end":{"line":119,"column":4}},"77":{"start":{"line":116,"column":4},"end":{"line":116,"column":18}},"78":{"start":{"line":117,"column":4},"end":{"line":117,"column":65}},"79":{"start":{"line":118,"column":4},"end":{"line":118,"column":63}},"80":{"start":{"line":121,"column":2},"end":{"line":125,"column":4}},"81":{"start":{"line":122,"column":4},"end":{"line":122,"column":18}},"82":{"start":{"line":123,"column":4},"end":{"line":123,"column":65}},"83":{"start":{"line":124,"column":4},"end":{"line":124,"column":64}},"84":{"start":{"line":127,"column":2},"end":{"line":131,"column":4}},"85":{"start":{"line":128,"column":4},"end":{"line":128,"column":18}},"86":{"start":{"line":129,"column":4},"end":{"line":129,"column":65}},"87":{"start":{"line":130,"column":4},"end":{"line":130,"column":56}},"88":{"start":{"line":133,"column":2},"end":{"line":137,"column":4}},"89":{"start":{"line":134,"column":4},"end":{"line":134,"column":18}},"90":{"start":{"line":135,"column":4},"end":{"line":135,"column":65}},"91":{"start":{"line":136,"column":4},"end":{"line":136,"column":60}},"92":{"start":{"line":139,"column":2},"end":{"line":143,"column":4}},"93":{"start":{"line":140,"column":4},"end":{"line":140,"column":18}},"94":{"start":{"line":141,"column":4},"end":{"line":141,"column":65}},"95":{"start":{"line":142,"column":4},"end":{"line":142,"column":60}},"96":{"start":{"line":145,"column":2},"end":{"line":149,"column":4}},"97":{"start":{"line":146,"column":4},"end":{"line":146,"column":18}},"98":{"start":{"line":147,"column":4},"end":{"line":147,"column":65}},"99":{"start":{"line":148,"column":4},"end":{"line":148,"column":63}},"100":{"start":{"line":151,"column":2},"end":{"line":155,"column":4}},"101":{"start":{"line":152,"column":4},"end":{"line":152,"column":18}},"102":{"start":{"line":153,"column":4},"end":{"line":153,"column":65}},"103":{"start":{"line":154,"column":4},"end":{"line":154,"column":63}},"104":{"start":{"line":157,"column":2},"end":{"line":161,"column":4}},"105":{"start":{"line":158,"column":4},"end":{"line":158,"column":18}},"106":{"start":{"line":159,"column":4},"end":{"line":159,"column":65}},"107":{"start":{"line":160,"column":4},"end":{"line":160,"column":71}},"108":{"start":{"line":163,"column":2},"end":{"line":167,"column":4}},"109":{"start":{"line":164,"column":4},"end":{"line":164,"column":18}},"110":{"start":{"line":165,"column":4},"end":{"line":165,"column":65}},"111":{"start":{"line":166,"column":4},"end":{"line":166,"column":71}},"112":{"start":{"line":169,"column":2},"end":{"line":173,"column":4}},"113":{"start":{"line":170,"column":4},"end":{"line":170,"column":18}},"114":{"start":{"line":171,"column":4},"end":{"line":171,"column":65}},"115":{"start":{"line":172,"column":4},"end":{"line":172,"column":57}},"116":{"start":{"line":175,"column":2},"end":{"line":179,"column":4}},"117":{"start":{"line":176,"column":4},"end":{"line":176,"column":18}},"118":{"start":{"line":177,"column":4},"end":{"line":177,"column":65}},"119":{"start":{"line":178,"column":4},"end":{"line":178,"column":59}},"120":{"start":{"line":181,"column":2},"end":{"line":185,"column":4}},"121":{"start":{"line":182,"column":4},"end":{"line":182,"column":18}},"122":{"start":{"line":183,"column":4},"end":{"line":183,"column":65}},"123":{"start":{"line":184,"column":4},"end":{"line":184,"column":60}},"124":{"start":{"line":187,"column":2},"end":{"line":191,"column":4}},"125":{"start":{"line":188,"column":4},"end":{"line":188,"column":18}},"126":{"start":{"line":189,"column":4},"end":{"line":189,"column":65}},"127":{"start":{"line":190,"column":4},"end":{"line":190,"column":60}},"128":{"start":{"line":193,"column":2},"end":{"line":197,"column":4}},"129":{"start":{"line":194,"column":4},"end":{"line":194,"column":18}},"130":{"start":{"line":195,"column":4},"end":{"line":195,"column":65}},"131":{"start":{"line":196,"column":4},"end":{"line":196,"column":56}},"132":{"start":{"line":199,"column":2},"end":{"line":203,"column":4}},"133":{"start":{"line":200,"column":4},"end":{"line":200,"column":18}},"134":{"start":{"line":201,"column":4},"end":{"line":201,"column":65}},"135":{"start":{"line":202,"column":4},"end":{"line":202,"column":57}},"136":{"start":{"line":205,"column":2},"end":{"line":209,"column":4}},"137":{"start":{"line":206,"column":4},"end":{"line":206,"column":18}},"138":{"start":{"line":207,"column":4},"end":{"line":207,"column":65}},"139":{"start":{"line":208,"column":4},"end":{"line":208,"column":57}},"140":{"start":{"line":211,"column":2},"end":{"line":215,"column":4}},"141":{"start":{"line":212,"column":4},"end":{"line":212,"column":18}},"142":{"start":{"line":213,"column":4},"end":{"line":213,"column":65}},"143":{"start":{"line":214,"column":4},"end":{"line":214,"column":58}},"144":{"start":{"line":217,"column":2},"end":{"line":221,"column":4}},"145":{"start":{"line":218,"column":4},"end":{"line":218,"column":18}},"146":{"start":{"line":219,"column":4},"end":{"line":219,"column":65}},"147":{"start":{"line":220,"column":4},"end":{"line":220,"column":59}},"148":{"start":{"line":223,"column":2},"end":{"line":227,"column":4}},"149":{"start":{"line":224,"column":4},"end":{"line":224,"column":18}},"150":{"start":{"line":225,"column":4},"end":{"line":225,"column":65}},"151":{"start":{"line":226,"column":4},"end":{"line":226,"column":55}},"152":{"start":{"line":229,"column":2},"end":{"line":233,"column":4}},"153":{"start":{"line":230,"column":4},"end":{"line":230,"column":18}},"154":{"start":{"line":231,"column":4},"end":{"line":231,"column":65}},"155":{"start":{"line":232,"column":4},"end":{"line":232,"column":55}},"156":{"start":{"line":235,"column":2},"end":{"line":239,"column":4}},"157":{"start":{"line":236,"column":4},"end":{"line":236,"column":18}},"158":{"start":{"line":237,"column":4},"end":{"line":237,"column":65}},"159":{"start":{"line":238,"column":4},"end":{"line":238,"column":62}},"160":{"start":{"line":241,"column":2},"end":{"line":245,"column":4}},"161":{"start":{"line":242,"column":4},"end":{"line":242,"column":18}},"162":{"start":{"line":243,"column":4},"end":{"line":243,"column":65}},"163":{"start":{"line":244,"column":4},"end":{"line":244,"column":63}},"164":{"start":{"line":247,"column":2},"end":{"line":251,"column":4}},"165":{"start":{"line":248,"column":4},"end":{"line":248,"column":18}},"166":{"start":{"line":249,"column":4},"end":{"line":249,"column":65}},"167":{"start":{"line":250,"column":4},"end":{"line":250,"column":63}},"168":{"start":{"line":253,"column":2},"end":{"line":257,"column":4}},"169":{"start":{"line":254,"column":4},"end":{"line":254,"column":18}},"170":{"start":{"line":255,"column":4},"end":{"line":255,"column":65}},"171":{"start":{"line":256,"column":4},"end":{"line":256,"column":64}},"172":{"start":{"line":259,"column":2},"end":{"line":263,"column":4}},"173":{"start":{"line":260,"column":4},"end":{"line":260,"column":18}},"174":{"start":{"line":261,"column":4},"end":{"line":261,"column":65}},"175":{"start":{"line":262,"column":4},"end":{"line":262,"column":65}},"176":{"start":{"line":265,"column":2},"end":{"line":267,"column":4}},"177":{"start":{"line":266,"column":4},"end":{"line":266,"column":38}},"178":{"start":{"line":269,"column":2},"end":{"line":271,"column":4}},"179":{"start":{"line":270,"column":4},"end":{"line":270,"column":39}},"180":{"start":{"line":273,"column":2},"end":{"line":275,"column":4}},"181":{"start":{"line":274,"column":4},"end":{"line":274,"column":39}},"182":{"start":{"line":277,"column":2},"end":{"line":279,"column":4}},"183":{"start":{"line":278,"column":4},"end":{"line":278,"column":40}},"184":{"start":{"line":281,"column":2},"end":{"line":283,"column":4}},"185":{"start":{"line":282,"column":4},"end":{"line":282,"column":41}},"186":{"start":{"line":285,"column":2},"end":{"line":287,"column":4}},"187":{"start":{"line":286,"column":4},"end":{"line":286,"column":37}},"188":{"start":{"line":289,"column":2},"end":{"line":291,"column":4}},"189":{"start":{"line":290,"column":4},"end":{"line":290,"column":37}},"190":{"start":{"line":293,"column":2},"end":{"line":295,"column":4}},"191":{"start":{"line":294,"column":4},"end":{"line":294,"column":34}},"192":{"start":{"line":297,"column":2},"end":{"line":299,"column":4}},"193":{"start":{"line":298,"column":4},"end":{"line":298,"column":30}},"194":{"start":{"line":301,"column":2},"end":{"line":303,"column":4}},"195":{"start":{"line":302,"column":4},"end":{"line":302,"column":37}},"196":{"start":{"line":305,"column":2},"end":{"line":307,"column":4}},"197":{"start":{"line":306,"column":4},"end":{"line":306,"column":26}},"198":{"start":{"line":309,"column":2},"end":{"line":324,"column":4}},"199":{"start":{"line":310,"column":4},"end":{"line":310,"column":10}},"200":{"start":{"line":311,"column":4},"end":{"line":320,"column":5}},"201":{"start":{"line":312,"column":6},"end":{"line":314,"column":7}},"202":{"start":{"line":313,"column":8},"end":{"line":313,"column":31}},"203":{"start":{"line":315,"column":6},"end":{"line":317,"column":7}},"204":{"start":{"line":316,"column":8},"end":{"line":316,"column":31}},"205":{"start":{"line":319,"column":6},"end":{"line":319,"column":17}},"206":{"start":{"line":321,"column":4},"end":{"line":323,"column":5}},"207":{"start":{"line":322,"column":6},"end":{"line":322,"column":18}},"208":{"start":{"line":326,"column":2},"end":{"line":326,"column":17}}},"branchMap":{"1":{"line":17,"type":"if","locations":[{"start":{"line":17,"column":4},"end":{"line":17,"column":4}},{"start":{"line":17,"column":4},"end":{"line":17,"column":4}}]},"2":{"line":18,"type":"if","locations":[{"start":{"line":18,"column":6},"end":{"line":18,"column":6}},{"start":{"line":18,"column":6},"end":{"line":18,"column":6}}]},"3":{"line":18,"type":"binary-expr","locations":[{"start":{"line":18,"column":11},"end":{"line":18,"column":30}},{"start":{"line":18,"column":35},"end":{"line":18,"column":66}}]},"4":{"line":83,"type":"if","locations":[{"start":{"line":83,"column":10},"end":{"line":83,"column":10}},{"start":{"line":83,"column":10},"end":{"line":83,"column":10}}]},"5":{"line":93,"type":"if","locations":[{"start":{"line":93,"column":4},"end":{"line":93,"column":4}},{"start":{"line":93,"column":4},"end":{"line":93,"column":4}}]},"6":{"line":93,"type":"binary-expr","locations":[{"start":{"line":93,"column":9},"end":{"line":93,"column":35}},{"start":{"line":93,"column":41},"end":{"line":93,"column":68}},{"start":{"line":93,"column":74},"end":{"line":93,"column":101}}]},"7":{"line":100,"type":"if","locations":[{"start":{"line":100,"column":4},"end":{"line":100,"column":4}},{"start":{"line":100,"column":4},"end":{"line":100,"column":4}}]},"8":{"line":100,"type":"binary-expr","locations":[{"start":{"line":100,"column":9},"end":{"line":100,"column":34}},{"start":{"line":100,"column":40},"end":{"line":100,"column":65}}]},"9":{"line":111,"type":"cond-expr","locations":[{"start":{"line":111,"column":35},"end":{"line":111,"column":59}},{"start":{"line":111,"column":62},"end":{"line":111,"column":64}}]},"10":{"line":117,"type":"cond-expr","locations":[{"start":{"line":117,"column":35},"end":{"line":117,"column":59}},{"start":{"line":117,"column":62},"end":{"line":117,"column":64}}]},"11":{"line":123,"type":"cond-expr","locations":[{"start":{"line":123,"column":35},"end":{"line":123,"column":59}},{"start":{"line":123,"column":62},"end":{"line":123,"column":64}}]},"12":{"line":129,"type":"cond-expr","locations":[{"start":{"line":129,"column":35},"end":{"line":129,"column":59}},{"start":{"line":129,"column":62},"end":{"line":129,"column":64}}]},"13":{"line":135,"type":"cond-expr","locations":[{"start":{"line":135,"column":35},"end":{"line":135,"column":59}},{"start":{"line":135,"column":62},"end":{"line":135,"column":64}}]},"14":{"line":141,"type":"cond-expr","locations":[{"start":{"line":141,"column":35},"end":{"line":141,"column":59}},{"start":{"line":141,"column":62},"end":{"line":141,"column":64}}]},"15":{"line":147,"type":"cond-expr","locations":[{"start":{"line":147,"column":35},"end":{"line":147,"column":59}},{"start":{"line":147,"column":62},"end":{"line":147,"column":64}}]},"16":{"line":153,"type":"cond-expr","locations":[{"start":{"line":153,"column":35},"end":{"line":153,"column":59}},{"start":{"line":153,"column":62},"end":{"line":153,"column":64}}]},"17":{"line":159,"type":"cond-expr","locations":[{"start":{"line":159,"column":35},"end":{"line":159,"column":59}},{"start":{"line":159,"column":62},"end":{"line":159,"column":64}}]},"18":{"line":165,"type":"cond-expr","locations":[{"start":{"line":165,"column":35},"end":{"line":165,"column":59}},{"start":{"line":165,"column":62},"end":{"line":165,"column":64}}]},"19":{"line":171,"type":"cond-expr","locations":[{"start":{"line":171,"column":35},"end":{"line":171,"column":59}},{"start":{"line":171,"column":62},"end":{"line":171,"column":64}}]},"20":{"line":177,"type":"cond-expr","locations":[{"start":{"line":177,"column":35},"end":{"line":177,"column":59}},{"start":{"line":177,"column":62},"end":{"line":177,"column":64}}]},"21":{"line":183,"type":"cond-expr","locations":[{"start":{"line":183,"column":35},"end":{"line":183,"column":59}},{"start":{"line":183,"column":62},"end":{"line":183,"column":64}}]},"22":{"line":189,"type":"cond-expr","locations":[{"start":{"line":189,"column":35},"end":{"line":189,"column":59}},{"start":{"line":189,"column":62},"end":{"line":189,"column":64}}]},"23":{"line":195,"type":"cond-expr","locations":[{"start":{"line":195,"column":35},"end":{"line":195,"column":59}},{"start":{"line":195,"column":62},"end":{"line":195,"column":64}}]},"24":{"line":201,"type":"cond-expr","locations":[{"start":{"line":201,"column":35},"end":{"line":201,"column":59}},{"start":{"line":201,"column":62},"end":{"line":201,"column":64}}]},"25":{"line":207,"type":"cond-expr","locations":[{"start":{"line":207,"column":35},"end":{"line":207,"column":59}},{"start":{"line":207,"column":62},"end":{"line":207,"column":64}}]},"26":{"line":213,"type":"cond-expr","locations":[{"start":{"line":213,"column":35},"end":{"line":213,"column":59}},{"start":{"line":213,"column":62},"end":{"line":213,"column":64}}]},"27":{"line":219,"type":"cond-expr","locations":[{"start":{"line":219,"column":35},"end":{"line":219,"column":59}},{"start":{"line":219,"column":62},"end":{"line":219,"column":64}}]},"28":{"line":225,"type":"cond-expr","locations":[{"start":{"line":225,"column":35},"end":{"line":225,"column":59}},{"start":{"line":225,"column":62},"end":{"line":225,"column":64}}]},"29":{"line":231,"type":"cond-expr","locations":[{"start":{"line":231,"column":35},"end":{"line":231,"column":59}},{"start":{"line":231,"column":62},"end":{"line":231,"column":64}}]},"30":{"line":237,"type":"cond-expr","locations":[{"start":{"line":237,"column":35},"end":{"line":237,"column":59}},{"start":{"line":237,"column":62},"end":{"line":237,"column":64}}]},"31":{"line":243,"type":"cond-expr","locations":[{"start":{"line":243,"column":35},"end":{"line":243,"column":59}},{"start":{"line":243,"column":62},"end":{"line":243,"column":64}}]},"32":{"line":249,"type":"cond-expr","locations":[{"start":{"line":249,"column":35},"end":{"line":249,"column":59}},{"start":{"line":249,"column":62},"end":{"line":249,"column":64}}]},"33":{"line":255,"type":"cond-expr","locations":[{"start":{"line":255,"column":35},"end":{"line":255,"column":59}},{"start":{"line":255,"column":62},"end":{"line":255,"column":64}}]},"34":{"line":261,"type":"cond-expr","locations":[{"start":{"line":261,"column":35},"end":{"line":261,"column":59}},{"start":{"line":261,"column":62},"end":{"line":261,"column":64}}]},"35":{"line":312,"type":"if","locations":[{"start":{"line":312,"column":6},"end":{"line":312,"column":6}},{"start":{"line":312,"column":6},"end":{"line":312,"column":6}}]},"36":{"line":315,"type":"if","locations":[{"start":{"line":315,"column":6},"end":{"line":315,"column":6}},{"start":{"line":315,"column":6},"end":{"line":315,"column":6}}]},"37":{"line":321,"type":"if","locations":[{"start":{"line":321,"column":4},"end":{"line":321,"column":4}},{"start":{"line":321,"column":4},"end":{"line":321,"column":4}}]}},"code":["// Generated by CoffeeScript 1.9.2","var Bindings, RedWire, TcpProxy, WebProxy, copy,","  bind = function(fn, me){ return function(){ return fn.apply(me, arguments); }; },","  slice = [].slice;","","Bindings = r
[...]
,"25":{"start":{"line":32,"column":4},"end":{"line":38,"column":5}},"26":{"start":{"line":33,"column":6},"end":{"line":37,"column":19}},"27":{"start":{"line":34,"column":8},"end":{"line":36,"column":10}},"28":{"start":{"line":35,"column":10},"end":{"line":35,"column":64}},"29":{"start":{"line":39,"column":4},"end":{"line":45,"column":5}},"30":{"start":{"line":40,"column":6},"end":{"line":44,"column":19}},"31":{"start":{"line":41,"column":8},"end":{"line":43,"column":10}},"32":{"start":{"line":42,"column":10},"end":{"line":42,"column":64}},"33":{"start":{"line":48,"column":2},"end":{"line":62,"column":4}},"34":{"start":{"line":49,"column":4},"end":{"line":58,"column":14}},"35":{"start":{"line":50,"column":6},"end":{"line":57,"column":8}},"36":{"start":{"line":51,"column":8},"end":{"line":55,"column":11}},"37":{"start":{"line":52,"column":10},"end":{"line":52,"column":24}},"38":{"start":{"line":53,"column":10},"end":{"line":53,"column":71}},"39":{"start":{"line":54,"column":10},"end":{"line":54,"column":94}},"40":{"start":{"line":56,"column":8},"end":{"line":56,"column":105}},"41":{"start":{"line":59,"column":4},"end":{"line":59,"column":57}},"42":{"start":{"line":60,"column":4},"end":{"line":60,"column":51}},"43":{"start":{"line":61,"column":4},"end":{"line":61,"column":94}},"44":{"start":{"line":64,"column":2},"end":{"line":78,"column":4}},"45":{"start":{"line":65,"column":4},"end":{"line":74,"column":14}},"46":{"start":{"line":66,"column":6},"end":{"line":73,"column":8}},"47":{"start":{"line":67,"column":8},"end":{"line":71,"column":11}},"48":{"start":{"line":68,"column":10},"end":{"line":68,"column":24}},"49":{"start":{"line":69,"column":10},"end":{"line":69,"column":71}},"50":{"start":{"line":70,"column":10},"end":{"line":70,"column":94}},"51":{"start":{"line":72,"column":8},"end":{"line":72,"column":105}},"52":{"start":{"line":75,"column":4},"end":{"line":75,"column":57}},"53":{"start":{"line":76,"column":4},"end":{"line":76,"column":51}},"54":{"start":{"line":77,"column":4},"end":{"line":77,"column":94}},"55":{"start":{"line":80,"column":2},"end":{"line":112,"column":4}},"56":{"start":{"line":81,"column":4},"end":{"line":111,"column":13}},"57":{"start":{"line":82,"column":6},"end":{"line":110,"column":8}},"58":{"start":{"line":83,"column":8},"end":{"line":83,"column":30}},"59":{"start":{"line":84,"column":8},"end":{"line":84,"column":19}},"60":{"start":{"line":85,"column":8},"end":{"line":87,"column":9}},"61":{"start":{"line":86,"column":10},"end":{"line":86,"column":25}},"62":{"start":{"line":88,"column":8},"end":{"line":90,"column":9}},"63":{"start":{"line":89,"column":10},"end":{"line":89,"column":27}},"64":{"start":{"line":91,"column":8},"end":{"line":93,"column":9}},"65":{"start":{"line":92,"column":10},"end":{"line":92,"column":24}},"66":{"start":{"line":94,"column":8},"end":{"line":94,"column":27}},"67":{"start":{"line":95,"column":8},"end":{"line":98,"column":10}},"68":{"start":{"line":99,"column":8},"end":{"line":105,"column":11}},"69":{"start":{"line":100,"column":10},"end":{"line":100,"column":24}},"70":{"start":{"line":101,"column":10},"end":{"line":101,"column":71}},"71":{"start":{"line":102,"column":10},"end":{"line":102,"column":94}},"72":{"start":{"line":104,"column":10},"end":{"line":104,"column":30}},"73":{"start":{"line":106,"column":8},"end":{"line":106,"column":47}},"74":{"start":{"line":107,"column":8},"end":{"line":109,"column":11}},"75":{"start":{"line":108,"column":10},"end":{"line":108,"column":33}},"76":{"start":{"line":114,"column":2},"end":{"line":148,"column":4}},"77":{"start":{"line":115,"column":4},"end":{"line":147,"column":13}},"78":{"start":{"line":116,"column":6},"end":{"line":146,"column":8}},"79":{"start":{"line":117,"column":8},"end":{"line":117,"column":30}},"80":{"start":{"line":118,"column":8},"end":{"line":121,"column":9}},"81":{"start":{"line":119,"column":10},"end":{"line":119,"column":27}},"82":{"start":{"line":120,"column":10},"end":{"line":120,"column":25}},"83":{"start":{"line":122,"column":8},"end":{"line":122,"column":19}},"84":{"start":{"line":123,"column":8},"end":{"line":125,"column":9}},"85":{"start":{"line":124,"column":10},"end":{"line":124,"column":25}},"86":{"start":{"line":126,"column":8},"end":{"line":128,"column":9}},"87":{"start":{"line":127,"column":10},"end":{"line":127,"column":27}},"88":{"start":{"line":129,"column":8},"end":{"line":131,"column":9}},"89":{"start":{"line":130,"column":10},"end":{"line":130,"column":24}},"90":{"start":{"line":132,"column":8},"end":{"line":134,"column":9}},"91":{"start":{"line":133,"column":10},"end":{"line":133,"column":24}},"92":{"start":{"line":135,"column":8},"end":{"line":135,"column":27}},"93":{"start":{"line":136,"column":8},"end":{"line":139,"column":10}},"94":{"start":{"line":140,"column":8},"end":{"line":144,"column":11}},"95":{"start":{"line":141,"column":10},"end":{"line":141,"column":24}},"96":{"start":{"line":142,"column":10},"end":{"line":142,"column":71}},"97":{"start":{"line":143,"column":10},"end":{"line":143,"column":94}},"98":{"start":{"line":145,"column":8},"end":{"line":145,"column":54}},"99":{"start":{"line":150,"column":2},"end":{"line":153,"column":4}},"100":{"start":{"line":151,"column":4},"end":{"line":151,"column":37}},"101":{"start":{"line":152,"column":4},"end":{"line":152,"column":28}},"102":{"start":{"line":155,"column":2},"end":{"line":161,"column":4}},"103":{"start":{"line":156,"column":4},"end":{"line":160,"column":13}},"104":{"start":{"line":157,"column":6},"end":{"line":159,"column":8}},"105":{"start":{"line":158,"column":8},"end":{"line":158,"column":53}},"106":{"start":{"line":163,"column":2},"end":{"line":166,"column":4}},"107":{"start":{"line":164,"column":4},"end":{"line":164,"column":37}},"108":{"start":{"line":165,"column":4},"end":{"line":165,"column":28}},"109":{"start":{"line":168,"column":2},"end":{"line":174,"column":4}},"110":{"start":{"line":169,"column":4},"end":{"line":173,"column":13}},"111":{"start":{"line":170,"column":6},"end":{"line":172,"column":8}},"112":{"start":{"line":171,"column":8},"end":{"line":171,"column":53}},"113":{"start":{"line":176,"column":2},"end":{"line":186,"column":4}},"114":{"start":{"line":177,"column":4},"end":{"line":179,"column":5}},"115":{"start":{"line":178,"column":6},"end":{"line":178,"column":30}},"116":{"start":{"line":180,"column":4},"end":{"line":182,"column":5}},"117":{"start":{"line":181,"column":6},"end":{"line":181,"column":30}},"118":{"start":{"line":183,"column":4},"end":{"line":185,"column":5}},"119":{"start":{"line":184,"column":6},"end":{"line":184,"column":18}},"120":{"start":{"line":188,"column":2},"end":{"line":188,"column":18}}},"branchMap":{"1":{"line":26,"type":"if","locations":[{"start":{"line":26,"column":4},"end":{"line":26,"column":4}},{"start":{"line":26,"column":4},"end":{"line":26,"column":4}}]},"2":{"line":29,"type":"if","locations":[{"start":{"line":29,"column":4},"end":{"line":29,"column":4}},{"start":{"line":29,"column":4},"end":{"line":29,"column":4}}]},"3":{"line":32,"type":"if","locations":[{"start":{"line":32,"column":4},"end":{"line":32,"column":4}},{"start":{"line":32,"column":4},"end":{"line":32,"column":4}}]},"4":{"line":32,"type":"cond-expr","locations":[{"start":{"line":32,"column":45},"end":{"line":32,"column":53}},{"start":{"line":32,"column":56},"end":{"line":32,"column":62}}]},"5":{"line":39,"type":"if","locations":[{"start":{"line":39,"column":4},"end":{"line":39,"column":4}},{"start":{"line":39,"column":4},"end":{"line":39,"column":4}}]},"6":{"line":39,"type":"cond-expr","locations":[{"start":{"line":39,"column":46},"end":{"line":39,"column":55}},{"start":{"line":39,"column":58},"end":{"line":39,"column":64}}]},"7":{"line":53,"type":"cond-expr","locations":[{"start":{"line":53,"column":41},"end":{"line":53,"column":65}},{"start":{"line":53,"column":68},"end":{"line":53,"column":70}}]},"8":{"line":69,"type":"cond-expr","locations":[{"start":{"line":69,"column":41},"end":{"line":69,"column":65}},{"start":{"line":69,"column":68},"end":{"line":69,"column":70}}]},"9":{"line":85,"type":"if","locations":[{"start":{"line":85,"column":8},"end":{"line":85,"column":8}},{"start":{"line":85,"column":8},"end":{"line":85,"column":8}}]},"10":{"line":88,"type":"if","locations":[{"start":{"line":88,"column":8},"end":{"line":88,"column":8}},{"start":{"line":88,"column":8},"end":{"line":88,"column":8}}]},"11":{"line":88,"type":"binary-expr","locations":[{"start":{"line":88,"column":13},"end":{"line":88,"column":22}},{"start":{"line":88,"column":27},"end":{"line":88,"column":48}},{"start":{"line":88,"column":52},"end":{"line":88,"column":71}}]},"12":{"line":91,"type":"if","locations":[{"start":{"line":91,"column":8},"end":{"line":91,"column":8}},{"start":{"line":91,"column":8},"end":{"line":91,"column":8}}]},"13":{"line":101,"type":"cond-expr","locations":[{"start":{"line":101,"column":41},"end":{"line":101,"column":65}},{"start":{"line":101,"column":68},"end":{"line":101,"column":70}}]},"14":{"line":118,"type":"if","locations":[{"start":{"line":118,"column":8},"end":{"line":118,"column":8}},{"start":{"line":118,"column":8},"end":{"line":118,"column":8}}]},"15":{"line":123,"type":"if","locations":[{"start":{"line":123,"column":8},"end":{"line":123,"column":8}},{"start":{"line":123,"column":8},"end":{"line":123,"column":8}}]},"16":{"line":126,"type":"if","locations":[{"start":{"line":126,"column":8},"end":{"line":126,"column":8}},{"start":{"line":126,"column":8},"end":{"line":126,"column":8}}]},"17":{"line":126,"type":"binary-expr","locations":[{"start":{"line":126,"column":13},"end":{"line":126,"column":22}},{"start":{"line":126,"column":27},"end":{"line":126,"column":46}}]},"18":{"line":129,"type":"if","locations":[{"start":{"line":129,"column":8},"end":{"line":129,"column":8}},{"start":{"line":129,"column":8},"end":{"line":129,"column":8}}]},"19":{"line":132,"type":"if","locations":[{"start":{"line":132,"column":8},"end":{"line":132,"column":8}},{"start":{"line":132,"column":8},"end":{"line":132,"column":8}}]},"20":{"line":142,"type":"cond-expr","locations":[{"start":{"line":142,"column":41},"end":{"line":142,"column":65}},{"start":{"line":142,"column":68},"end":{"line":142,"column":70}}]},"21":{"line":177,"type":"if","locations":[{"start":{"line":177,"column":4},"end":{"line":177,"column":4}},{"start":{"line":177,"column":4},"end":{"line":177,"column":4}}]},"22":{"line":180,"type":"if","locations":[{"start":{"line":180,"column":4},"end":{"line":180,"column":4}},{"start":{"line":180,"column":4},"end":{"line":180,"column":4}}]},"23":{"line":183,"type":"if","locations":[{"start":{"line":183,"column":4},"end":{"line":183,"column":4}},{"start":{"line":183,"column":4},"end":{"line":183,"column":4}}]}},"code":["// Generated by CoffeeScript 1.9.2","var TcpProxy, net, parse_url, tls,","  bind = function(fn, me){ return function(){ return fn.apply(me, arguments); }; },","  slice = [].slice;","","net = require('net');","","tls = require('tls');","","parse_url = require('url').parse;","","module.exports = TcpProxy = (function() {","  function TcpProxy(options, bindings) {","    this.close = bind(this.close, this);","    this.tlsError = bind(this.tlsError, this);","    this._tlsError = bind(this._tlsError, this);","    this.tcpError = bind(this.tcpError, this);","    this._tcpError = bind(this._tcpError, this);","    this.proxyTls = bind(this.proxyTls, this);","    this.proxyTcp = bind(this.proxyTcp, this);","    this._startTls = bind(this._startTls, this);","    this._startTcp = bind(this._startTcp, this);","    var ref, ref1;","    this._options = options;","    this._bindings = bindings;","    if (this._options.tcp) {","      this._startTcp();","    }","    if (this._options.tls) {","      this._startTls();","    }","    if (((ref = this._options.tcp) != null ? ref.dest : void 0) != null) {","      setTimeout((function(_this) {","        return function() {","          return _this._bindings().tcp(_this._options.tcp.dest);","        };","      })(this), 1);","    }","    if (((ref1 = this._options.tls) != null ? ref1.dest : void 0) != null) {","      setTimeout((function(_this) {","        return function() {","          return _this._bindings().tls(_this._options.tls.dest);","        };","      })(this), 1);","    }","  }","","  TcpProxy.prototype._startTcp = function() {","    this._tcpServer = net.createServer((function(_this) {","      return function(socket) {","        socket.on('error', function() {","          var args, ref;","          args = 1 <= arguments.length ? slice.call(arguments, 0) : [];","          return (ref = _this._tcpServer).emit.apply(ref, ['error'].concat(slice.call(args)));","        });","        return _this._bindings()._tcp.exec({}, socket, _this.tcpError('No rules caught tcp connection'));","      };","    })(this));","    this._tcpServer.on('error', this._options.log.error);","    this._tcpServer.listen(this._options.tcp.port);","    return this._options.log.notice(\"tcp server listening on port \" + this._options.tcp.port);","  };","","  TcpProxy.prototype._startTls = function() {","    this._tlsServer = tls.createServer(this.certificates.getTlsOptions(this._options.tls), (function(_this) {","      return function(socket) {","        socket.on('error', function() {","          var args, ref;","          args = 1 <= arguments.length ? slice.call(arguments, 0) : [];","          return (ref = _this._tlsServer).emit.apply(ref, ['error'].concat(slice.call(args)));","        });","        return _this._bindings()._tls.exec({}, socket, _this.tlsError('No rules caught tls connection'));","      };","    })(this));","    this._tlsServer.on('error', this._options.log.error);","    this._tlsServer.listen(this._options.tls.port);","    return this._options.log.notice(\"tls server listening on port \" + this._options.tls.port);","  };","","  TcpProxy.prototype.proxyTcp = function(target) {","    return (function(_this) {","      return function(req, socket, next) {","        var proxySock, t, url;","        t = target;","        if (t == null) {","          t = req.target;","        }","        if ((t != null) && typeof t === 'string' && t.indexOf('tcp://')) {","          t = \"tcp://\" + t;","        }","        if (t == null) {","          return next();","        }","        url = parse_url(t);","        url = {","          host: url.hostname,","          port: url.port","        };","        proxySock = net.connect(url).on('error', function() {","          var args, ref;","          args = 1 <= arguments.length ? slice.call(arguments, 0) : [];","          return (ref = _this._tcpServer).emit.apply(ref, ['error'].concat(slice.call(args)));","        }).on('end', function() {","          return socket.end();","        });","        proxySock.pipe(socket).pipe(proxySock);","        return socket.on('end', function() {","          return proxySock.end();","        });","      };","    })(this);","  };","","  TcpProxy.prototype.proxyTls = function(options, target) {","    return (function(_this) {","      return function(req, socket, next) {","        var proxySock, t, url;","        if (target == null) {","          target = options;","          options = null;","        }","        t = target;","        if (t == null) {","          t = req.target;","        }","        if ((t != null) && t.indexOf('tls://')) {","          t = \"tls://\" + t;","        }","        if (t == null) {","          return next();","        }","        if (options == null) {","          options = req;","        }","        url = parse_url(t);","        url = {","          host: url.hostname,","          port: url.port","        };","        proxySock = tls.connect(options, url).on('error', function() {","          var args, ref;","          args = 1 <= arguments.length ? slice.call(arguments, 0) : [];","          return (ref = _this._tlsServer).emit.apply(ref, ['error'].concat(slice.call(args)));","        });","        return proxySock.pipe(socket).pipe(proxySock);","      };","    })(this);","  };","","  TcpProxy.prototype._tcpError = function(req, socket, message) {","    this._options.log.error(message);","    return socket.destroy();","  };","","  TcpProxy.prototype.tcpError = function(message) {","    return (function(_this) {","      return function(req, socket, next) {","        return _this._tcpError(req, socket, message);","      };","    })(this);","  };","","  TcpProxy.prototype._tlsError = function(req, socket, message) {","    this._options.log.error(message);","    return socket.destroy();","  };","","  TcpProxy.prototype.tlsError = function(message) {","    return (function(_this) {","      return function(req, socket, next) {","        return _this._tlsError(req, socket, message);","      };","    })(this);","  };","","  TcpProxy.prototype.close = function(cb) {","    if (this._tcpServer != null) {","      this._tcpServer.close();","    }","    if (this._tlsServer != null) {","      this._tlsServer.close();","    }","    if (cb != null) {","      return cb();","    }","  };","","  return TcpProxy;","","})();",""],"l":{"2":1,"3":0,"6":1,"8":1,"10":1,"12":1,"13":1,"14":0,"15":0,"16":0,"17":0,"18":0,"19":0,"20":0,"21":0,"22":0,"23":0,"24":0,"25":0,"26":0,"27":0,"29":0,"30":0,"32":0,"33":0,"34":0,"35":0,"39":0,"40":0,"41":0,"42":0,"48":1,"49":0,"50":0,"51":0,"52":0,"53":0,"54":0,"56":0,"59":0,"60":0,"61":0,"64":1,"65":0,"66":0,"67":0,"68":0,"69":0,"70":0,"72":0,"75":0,"76":0,"77":0,"80":1,"81":0,"82":0,"83":0,"84":0,"85":0,"86":0,"88":0,"89":0,"91":0,"92":0,"94":0,"95":0,"99":0,"100":0,"101":0,"102":0,"104":0,"106":0,"107":0,"108":0,"114":1,"115":0,"116":0,"117":0,"118":0,"119":0,"120":0,"122":0,"123":0,"124":0,"126":0,"127":0,"129":0,"130":0,"132":0,"133":0,"135":0,"136":0,"140":0,"141":0,"142":0,"143":0,"145":0,"150":1,"151":0,"152":0,"155":1,"156":0,"157":0,"158":0,"163":1,"164":0,"165":0,"168":1,"169":0,"170":0,"171":0,"176":1,"177":0,"178":0,"180":0,"181":0,"183":0,"184":0,"188":1}},"/home/travis/build/npmtest/node-npmtest-redwire/node_modules/redwire/src/testhttp.js":{"path":"/home/travis/build/npmtest/node-npmtest-redwire/node_modules/redwire/src/testhttp.js","s":{"1":2,"2":2,"3":2,"4":2,"5":2,"6":2,"7":0,"8":0,"9":0,"10":0,"11":2,"12":0},"b":{},"f":{"1":0,"2":0},"fnMap":{"1":{"name":"(anonymous_1)","line":12,"loc":{"start":{"line":12,"column":27},"end":{"line":12,"column":46}}},"2":{"name":"(anonymous_2)","line":25,"loc":{"start":{"line":25,"column":20},"end":{"line":25,"column":31}}}},"statementMap":{"1":{"start":{"line":2,"column":0},"end":{"line":2,"column":33}},"2":{"start":{"line":4,"column":0},"end":{"line":4,"column":19}},"3":{"start":{"line":6,"column":0},"end":{"line":6,"column":23}},"4":{"start":{"line":8,"column":0},"end":{"line":8,"column":29}},"5":{"start":{"line":10,"column":0},"end":{"line":10,"column":15}},"6":{"start":{"line":12,"column":0},"end":{"line":23,"column":3}},"7":{"start":{"line":13,"column":2},"end":{"line":13,"column":13}},"8":{"start":{"line":14,"column":2},"end":{"line":14,"column":28}},"9":{"start":{"line":15,"column":2},"end":{"line":21,"column":4}},"10":{"start":{"line":22,"column":2},"end":{"line":22,"column":50}},"11":{"start":{"line":25,"column":0},"end":{"line":27,"column":3}},"12":{"start":{"line":26,"column":2},"end":{"line":26,"column":71}}},"branchMap":{},"code":["// Generated by CoffeeScript 1.8.0","var args, http, os, port, server;","","os = require('os');","","http = require('http');","","args = process.argv.slice(2);","","port = args[0];","","server = http.createServer(function(req, res) {","  var result;","  process.stdout.write('.');","  result = {","    server: os.hostname(),","    port: port,","    host: req.headers['host'],","    method: req.method,","    url: req.url","  };","  return res.end(JSON.stringify(result, null, 2));","});","","server.listen(port, function() {","  return console.log(\"Home grown http server running on port \" + port);","});",""],"l":{"2":2,"4":2,"6":2,"8":2,"10":2,"12":2,"13":0,"14":0,"15":0,"22":0,"25":2,"26":0}}}